INFO: 2020-11-03 14:44:44,523: main() 'Using profile folder /home/saul/.config/variety/'
INFO: 2020-11-03 14:44:44,528: perform_upgrade() 'Last run version was 0.8.4 or earlier, current version is 0.8.4'
INFO: 2020-11-03 14:44:44,729: process_command() 'Received command: []'
INFO: 2020-11-03 14:44:44,744: start() 'Using data_path /usr/share/variety'
INFO: 2020-11-03 14:44:44,744: load() 'Jumble loading'
INFO: 2020-11-03 14:44:44,744: _walk_modules() 'Jumble loading module in __init__ from /usr/lib/python3.8/site-packages/variety/plugins/builtin/__init__.py'
INFO: 2020-11-03 14:44:44,745: _walk_modules() 'Jumble loading module in APODDownloader from /usr/lib/python3.8/site-packages/variety/plugins/builtin/downloaders/APODDownloader.py'
INFO: 2020-11-03 14:44:44,746: load() 'Jumble found plugin class: <class 'APODDownloader.APODDownloader'>: {'name': 'APODDownloader', 'description': 'NASA Astro Pic of the Day', 'author': 'Peter Levi', 'version': '0.1'}'
INFO: 2020-11-03 14:44:44,746: _walk_modules() 'Jumble loading module in BingDownloader from /usr/lib/python3.8/site-packages/variety/plugins/builtin/downloaders/BingDownloader.py'
INFO: 2020-11-03 14:44:44,747: load() 'Jumble found plugin class: <class 'BingDownloader.BingDownloader'>: {'name': 'BingDownloader', 'description': 'Bing Photo of the Day', 'author': 'Peter Levi', 'version': '0.1'}'
INFO: 2020-11-03 14:44:44,747: _walk_modules() 'Jumble loading module in EarthviewDownloader from /usr/lib/python3.8/site-packages/variety/plugins/builtin/downloaders/EarthviewDownloader.py'
INFO: 2020-11-03 14:44:44,748: load() 'Jumble found plugin class: <class 'EarthviewDownloader.EarthviewDownloader'>: {'name': 'EarthviewDownloader', 'description': 'Google Earth View Wallpapers', 'author': 'Peter Levi', 'version': '0.1'}'
INFO: 2020-11-03 14:44:44,748: _walk_modules() 'Jumble loading module in MediaRSSDownloader from /usr/lib/python3.8/site-packages/variety/plugins/builtin/downloaders/MediaRSSDownloader.py'
INFO: 2020-11-03 14:44:44,750: _walk_modules() 'Jumble loading module in MediaRSSSource from /usr/lib/python3.8/site-packages/variety/plugins/builtin/downloaders/MediaRSSSource.py'
INFO: 2020-11-03 14:44:44,751: load() 'Jumble found plugin class: <class 'MediaRSSSource.MediaRSSSource'>: {'name': 'MediaRSSSource', 'description': 'Configurable source for fetching images from MediaRSS feeds', 'author': 'Peter Levi', 'version': '0.1'}'
INFO: 2020-11-03 14:44:44,751: _walk_modules() 'Jumble loading module in RedditDownloader from /usr/lib/python3.8/site-packages/variety/plugins/builtin/downloaders/RedditDownloader.py'
INFO: 2020-11-03 14:44:44,752: _walk_modules() 'Jumble loading module in RedditSource from /usr/lib/python3.8/site-packages/variety/plugins/builtin/downloaders/RedditSource.py'
INFO: 2020-11-03 14:44:44,753: load() 'Jumble found plugin class: <class 'RedditSource.RedditSource'>: {'name': 'RedditSource', 'description': 'Configurable source for fetching images from Reddit', 'author': 'Peter Levi', 'version': '0.1'}'
INFO: 2020-11-03 14:44:44,754: _walk_modules() 'Jumble loading module in UnsplashConfigurableSource from /usr/lib/python3.8/site-packages/variety/plugins/builtin/downloaders/UnsplashConfigurableSource.py'
INFO: 2020-11-03 14:44:44,755: load() 'Jumble found plugin class: <class 'UnsplashConfigurableSource.UnsplashConfigurableSource'>: {'name': 'UnsplashConfigurableSource', 'description': 'Configurable source for fetching photos from Unsplash.com', 'author': 'Peter Levi', 'version': '0.1'}'
INFO: 2020-11-03 14:44:44,755: _walk_modules() 'Jumble loading module in UnsplashDownloader from /usr/lib/python3.8/site-packages/variety/plugins/builtin/downloaders/UnsplashDownloader.py'
INFO: 2020-11-03 14:44:44,756: load() 'Jumble found plugin class: <class 'UnsplashDownloader.UnsplashDownloader'>: {'name': 'UnsplashDownloader', 'description': 'High-resolution photos from Unsplash.com', 'author': 'Peter Levi', 'version': '0.1'}'
INFO: 2020-11-03 14:44:44,756: _walk_modules() 'Jumble loading module in WallhavenDownloader from /usr/lib/python3.8/site-packages/variety/plugins/builtin/downloaders/WallhavenDownloader.py'
INFO: 2020-11-03 14:44:44,757: _walk_modules() 'Jumble loading module in WallhavenSource from /usr/lib/python3.8/site-packages/variety/plugins/builtin/downloaders/WallhavenSource.py'
INFO: 2020-11-03 14:44:44,758: load() 'Jumble found plugin class: <class 'WallhavenSource.WallhavenSource'>: {'name': 'WallhavenSource', 'description': 'Configurable source for fetching images from Wallhaven.cc', 'author': 'Peter Levi', 'version': '0.1'}'
INFO: 2020-11-03 14:44:44,758: _walk_modules() 'Jumble loading module in __init__ from /usr/lib/python3.8/site-packages/variety/plugins/builtin/downloaders/__init__.py'
INFO: 2020-11-03 14:44:44,759: _walk_modules() 'Jumble loading module in FortuneSource from /usr/lib/python3.8/site-packages/variety/plugins/builtin/quotes/FortuneSource.py'
INFO: 2020-11-03 14:44:44,759: load() 'Jumble found plugin class: <class 'FortuneSource.FortuneSource'>: {'name': 'UNIX fortune program', 'description': 'Displays quotes using the UNIX fortune program. You may want to install additional fortune packs, e.g. fortunes-bofh-excuses.', 'author': 'Dan Jones', 'version': '0.1'}'
INFO: 2020-11-03 14:44:44,759: _walk_modules() 'Jumble loading module in GoodreadsSource from /usr/lib/python3.8/site-packages/variety/plugins/builtin/quotes/GoodreadsSource.py'
INFO: 2020-11-03 14:44:44,774: load() 'Jumble found plugin class: <class 'GoodreadsSource.GoodreadsSource'>: {'name': 'Goodreads', 'description': 'Fetches quotes from Goodreads.com', 'author': 'Peter Levi', 'version': '0.1'}'
INFO: 2020-11-03 14:44:44,775: _walk_modules() 'Jumble loading module in LocalFilesSource from /usr/lib/python3.8/site-packages/variety/plugins/builtin/quotes/LocalFilesSource.py'
INFO: 2020-11-03 14:44:44,776: load() 'Jumble found plugin class: <class 'LocalFilesSource.LocalFilesSource'>: {'name': 'Local text files', 'description': 'Displays quotes, defined in local text files.\nPut your own txt files in: ~/.config/variety/pluginconfig/quotes/.\nThe file format is:\n\nquote -- author\n.\nsecond quote -- another author\n.\netc...\n\nExample: http://rvelthuis.de/zips/quotes.txt', 'author': 'Peter Levi', 'version': '0.1'}'
INFO: 2020-11-03 14:44:44,776: _walk_modules() 'Jumble loading module in QuotationsPageSource from /usr/lib/python3.8/site-packages/variety/plugins/builtin/quotes/QuotationsPageSource.py'
INFO: 2020-11-03 14:44:44,777: load() 'Jumble found plugin class: <class 'QuotationsPageSource.QuotationsPageSource'>: {'name': 'TheQuotationsPage.com', 'description': 'Fetches quotes from TheQuotationsPage.com', 'author': 'Peter Levi', 'version': '0.1'}'
INFO: 2020-11-03 14:44:44,778: _walk_modules() 'Jumble loading module in UrbanDictionarySource from /usr/lib/python3.8/site-packages/variety/plugins/builtin/quotes/UrbanDictionarySource.py'
INFO: 2020-11-03 14:44:44,778: load() 'Jumble found plugin class: <class 'UrbanDictionarySource.UrbanDictionarySource'>: {'name': 'Urban Dictionary', 'description': 'Displays definitions from Urban Dictionary', 'author': 'James Miller', 'version': '0.1'}'
INFO: 2020-11-03 14:44:44,779: _walk_modules() 'Jumble loading module in __init__ from /usr/lib/python3.8/site-packages/variety/plugins/builtin/quotes/__init__.py'
INFO: 2020-11-03 14:44:44,783: reload_config() 'Creating new downloader for type bing, location Bing Photo of the Day'
INFO: 2020-11-03 14:44:44,783: log_options() 'Loaded options:'
INFO: 2020-11-03 14:44:44,784: log_options() 'change_enabled = False'
INFO: 2020-11-03 14:44:44,784: log_options() 'change_interval = 300'
INFO: 2020-11-03 14:44:44,784: log_options() 'change_on_start = False'
INFO: 2020-11-03 14:44:44,784: log_options() 'clipboard_enabled = False'
INFO: 2020-11-03 14:44:44,784: log_options() 'clipboard_hosts = ['wallhaven.cc', 'ns223506.ovh.net', 'wallpapers.net', 'flickr.com', 'imgur.com', 'deviantart.com', 'interfacelift.com', 'vladstudio.com', 'imageshack.us']'
INFO: 2020-11-03 14:44:44,784: log_options() 'clipboard_use_whitelist = True'
INFO: 2020-11-03 14:44:44,784: log_options() 'clock_date_font = Ubuntu Condensed, 30'
INFO: 2020-11-03 14:44:44,784: log_options() 'clock_enabled = False'
INFO: 2020-11-03 14:44:44,784: log_options() 'clock_filter = -density 100 -font `fc-match -f '%{file[0]}' '%CLOCK_FONT_NAME'` -pointsize %CLOCK_FONT_SIZE -gravity SouthEast -fill '#00000044' -annotate 0x0+[%HOFFSET+58]+[%VOFFSET+108] '%H:%M' -fill white -annotate 0x0+[%HOFFSET+60]+[%VOFFSET+110] '%H:%M' -font `fc-match -f '%{file[0]}' '%DATE_FONT_NAME'` -pointsize %DATE_FONT_SIZE -fill '#00000044' -annotate 0x0+[%HOFFSET+58]+[%VOFFSET+58] '%A, %B %d' -fill white -annotate 0x0+[%HOFFSET+60]+[%VOFFSET+60] '%A, %B %d''
INFO: 2020-11-03 14:44:44,784: log_options() 'clock_font = Ubuntu Condensed, 70'
INFO: 2020-11-03 14:44:44,784: log_options() 'configfile = /home/saul/.config/variety/variety.conf'
INFO: 2020-11-03 14:44:44,784: log_options() 'copyto_enabled = False'
INFO: 2020-11-03 14:44:44,784: log_options() 'copyto_folder = Default'
INFO: 2020-11-03 14:44:44,784: log_options() 'desired_color = [160, 160, 160]'
INFO: 2020-11-03 14:44:44,784: log_options() 'desired_color_enabled = False'
INFO: 2020-11-03 14:44:44,784: log_options() 'download_folder = /home/saul/Pictures/wallpaper'
INFO: 2020-11-03 14:44:44,784: log_options() 'download_preference_ratio = 0.9'
INFO: 2020-11-03 14:44:44,784: log_options() 'favorites_folder = /home/saul/.config/variety/Favorites'
INFO: 2020-11-03 14:44:44,784: log_options() 'favorites_operations = [['Downloaded', 'Copy'], ['Fetched', 'Move'], ['Others', 'Copy']]'
INFO: 2020-11-03 14:44:44,784: log_options() 'fetched_folder = /home/saul/.config/variety/Fetched'
INFO: 2020-11-03 14:44:44,784: log_options() 'filters = [[False, 'Keep original', ''], [False, 'Grayscale', '-type Grayscale'], [False, 'Heavy blur', '-blur 120x40'], [False, 'Soft blur', '-blur 20x7'], [False, 'Oil painting', '-paint 8'], [False, 'Pencil sketch', '-colorspace gray \\( +clone -tile ~/.config/variety/pencil_tile.png -draw "color 0,0 reset" +clone +swap -compose color_dodge -composite \\) -fx \'u*.2+v*.8\''], [False, 'Pointilism', '-spread 10 -noise 3'], [False, 'Pixellate', '-scale 3% -scale 3333%']]'
INFO: 2020-11-03 14:44:44,784: log_options() 'icon = None'
INFO: 2020-11-03 14:44:44,784: log_options() 'lightness_enabled = False'
INFO: 2020-11-03 14:44:44,784: log_options() 'lightness_mode = 0'
INFO: 2020-11-03 14:44:44,785: log_options() 'min_rating = 4'
INFO: 2020-11-03 14:44:44,785: log_options() 'min_rating_enabled = False'
INFO: 2020-11-03 14:44:44,785: log_options() 'min_size = 80'
INFO: 2020-11-03 14:44:44,785: log_options() 'min_size_enabled = False'
INFO: 2020-11-03 14:44:44,785: log_options() 'quota_enabled = False'
INFO: 2020-11-03 14:44:44,785: log_options() 'quota_size = 500'
INFO: 2020-11-03 14:44:44,785: log_options() 'quotes_authors = '
INFO: 2020-11-03 14:44:44,785: log_options() 'quotes_bg_color = [80, 80, 80]'
INFO: 2020-11-03 14:44:44,785: log_options() 'quotes_bg_opacity = 55'
INFO: 2020-11-03 14:44:44,785: log_options() 'quotes_change_enabled = False'
INFO: 2020-11-03 14:44:44,785: log_options() 'quotes_change_interval = 300'
INFO: 2020-11-03 14:44:44,785: log_options() 'quotes_disabled_sources = ['Urban Dictionary']'
INFO: 2020-11-03 14:44:44,785: log_options() 'quotes_enabled = False'
INFO: 2020-11-03 14:44:44,785: log_options() 'quotes_favorites_file = /home/saul/.config/variety/favorite_quotes.txt'
INFO: 2020-11-03 14:44:44,785: log_options() 'quotes_font = Bitstream Charter 30'
INFO: 2020-11-03 14:44:44,785: log_options() 'quotes_hpos = 100'
INFO: 2020-11-03 14:44:44,785: log_options() 'quotes_max_length = 250'
INFO: 2020-11-03 14:44:44,785: log_options() 'quotes_tags = '
INFO: 2020-11-03 14:44:44,785: log_options() 'quotes_text_color = [255, 255, 255]'
INFO: 2020-11-03 14:44:44,785: log_options() 'quotes_text_shadow = False'
INFO: 2020-11-03 14:44:44,785: log_options() 'quotes_vpos = 40'
INFO: 2020-11-03 14:44:44,785: log_options() 'quotes_width = 70'
INFO: 2020-11-03 14:44:44,785: log_options() 'safe_mode = False'
INFO: 2020-11-03 14:44:44,785: log_options() 'slideshow_custom_enabled = False'
INFO: 2020-11-03 14:44:44,785: log_options() 'slideshow_custom_folder = /home/saul/Pictures'
INFO: 2020-11-03 14:44:44,785: log_options() 'slideshow_downloads_enabled = False'
INFO: 2020-11-03 14:44:44,786: log_options() 'slideshow_fade = 0.4'
INFO: 2020-11-03 14:44:44,786: log_options() 'slideshow_favorites_enabled = True'
INFO: 2020-11-03 14:44:44,786: log_options() 'slideshow_mode = Fullscreen'
INFO: 2020-11-03 14:44:44,786: log_options() 'slideshow_monitor = All'
INFO: 2020-11-03 14:44:44,786: log_options() 'slideshow_pan = 0.05'
INFO: 2020-11-03 14:44:44,786: log_options() 'slideshow_seconds = 6.0'
INFO: 2020-11-03 14:44:44,786: log_options() 'slideshow_sort_order = Random'
INFO: 2020-11-03 14:44:44,786: log_options() 'slideshow_sources_enabled = True'
INFO: 2020-11-03 14:44:44,786: log_options() 'slideshow_zoom = 0.2'
INFO: 2020-11-03 14:44:44,786: log_options() 'smart_enabled = False'
INFO: 2020-11-03 14:44:44,786: log_options() 'smart_notice_shown = False'
INFO: 2020-11-03 14:44:44,786: log_options() 'smart_register_shown = False'
INFO: 2020-11-03 14:44:44,786: log_options() 'sources = [[False, 'favorites', 'The Favorites folder'], [False, 'fetched', 'The Fetched folder'], [False, 'folder', '/usr/share/backgrounds'], [True, 'bing', 'Bing Photo of the Day'], [False, 'unsplash', 'High-resolution photos from Unsplash.com'], [False, 'apod', "NASA's Astronomy Picture of the Day"], [False, 'flickr', 'user:www.flickr.com/photos/peter-levi/;user_id:93647178@N00;'], [False, 'earthview', 'Google Earth View Wallpapers'], [False, 'desktoppr', 'Random wallpapers from Desktoppr.co'], [True, 'chromeos', 'Chrome OS Wallpapers']]'
INFO: 2020-11-03 14:44:44,786: log_options() 'stats_enabled = True'
INFO: 2020-11-03 14:44:44,786: log_options() 'stats_notice_shown = False'
INFO: 2020-11-03 14:44:44,786: log_options() 'sync_enabled = True'
INFO: 2020-11-03 14:44:44,786: log_options() 'use_landscape_enabled = True'
INFO: 2020-11-03 14:44:44,786: reload_config() 'No need to clear prepared queue'
INFO: 2020-11-03 14:44:44,786: update_indicator() 'Setting file info to: /home/saul/Pictures/wallpaper/Downloaded by Variety/Bing/OHR.TorngatsMt_EN-US1184448099_1920x1080.jpg'
INFO: 2020-11-03 14:44:44,788: load_last_change_time() 'Change interval < 6 hours, ignore persisted last_change_time, wait initially the whole interval: 300'
INFO: 2020-11-03 14:44:44,788: update_indicator() 'Setting file info to: /home/saul/Pictures/wallpaper/Downloaded by Variety/Bing/OHR.TorngatsMt_EN-US1184448099_1920x1080.jpg'
INFO: 2020-11-03 14:44:44,789: regular_change_thread() 'regular_change thread running'
INFO: 2020-11-03 14:44:44,789: regular_change_thread() 'regular_change: waiting till user resumes'
INFO: 2020-11-03 14:44:44,790: prepare_thread() 'Prepare thread running'
INFO: 2020-11-03 14:44:44,790: prepare_thread() 'Prepared buffer contains 0 images'
INFO: 2020-11-03 14:44:44,790: get_throttling() 'Bing: parsing serverside options'
INFO: 2020-11-03 14:44:44,790: prepare_thread() 'Preparing some images'
INFO: 2020-11-03 14:44:44,790: get_throttling() 'Could not parse Bing serverside options, using defaults None, None'
INFO: 2020-11-03 14:44:44,791: get_throttling() 'Bing: parsing serverside options'
INFO: 2020-11-03 14:44:44,791: get_throttling() 'Could not parse Bing serverside options, using defaults None, None'
INFO: 2020-11-03 14:44:44,791: download_one() 'Bing: Downloading an image, config: None'
INFO: 2020-11-03 14:44:44,791: download_one() 'Bing: Queue size: 0'
INFO: 2020-11-03 14:44:44,791: get_throttling() 'Bing: parsing serverside options'
INFO: 2020-11-03 14:44:44,791: get_throttling() 'Could not parse Bing serverside options, using defaults None, None'
INFO: 2020-11-03 14:44:44,791: download_one() 'Bing: Filling queue'
ERROR: 2020-11-03 14:44:44,798: download_one_from() 'Could not download wallpaper:'
Traceback (most recent call last):
  File "/usr/lib/python3.8/site-packages/urllib3/connection.py", line 159, in _new_conn
    conn = connection.create_connection(
  File "/usr/lib/python3.8/site-packages/urllib3/util/connection.py", line 61, in create_connection
    for res in socket.getaddrinfo(host, port, family, socket.SOCK_STREAM):
  File "/usr/lib/python3.8/socket.py", line 918, in getaddrinfo
    for res in _socket.getaddrinfo(host, port, family, type, proto, flags):
socket.gaierror: [Errno -3] Temporary failure in name resolution

During handling of the above exception, another exception occurred:

Traceback (most recent call last):
  File "/usr/lib/python3.8/site-packages/urllib3/connectionpool.py", line 670, in urlopen
    httplib_response = self._make_request(
  File "/usr/lib/python3.8/site-packages/urllib3/connectionpool.py", line 381, in _make_request
    self._validate_conn(conn)
  File "/usr/lib/python3.8/site-packages/urllib3/connectionpool.py", line 978, in _validate_conn
    conn.connect()
  File "/usr/lib/python3.8/site-packages/urllib3/connection.py", line 309, in connect
    conn = self._new_conn()
  File "/usr/lib/python3.8/site-packages/urllib3/connection.py", line 171, in _new_conn
    raise NewConnectionError(
urllib3.exceptions.NewConnectionError: <urllib3.connection.HTTPSConnection object at 0x7fe7af51c1c0>: Failed to establish a new connection: [Errno -3] Temporary failure in name resolution

During handling of the above exception, another exception occurred:

Traceback (most recent call last):
  File "/usr/lib/python3.8/site-packages/requests/adapters.py", line 439, in send
    resp = conn.urlopen(
  File "/usr/lib/python3.8/site-packages/urllib3/connectionpool.py", line 726, in urlopen
    retries = retries.increment(
  File "/usr/lib/python3.8/site-packages/urllib3/util/retry.py", line 439, in increment
    raise MaxRetryError(_pool, url, error or ResponseError(cause))
urllib3.exceptions.MaxRetryError: HTTPSConnectionPool(host='www.bing.com', port=443): Max retries exceeded with url: /HPImageArchive.aspx?format=js&idx=0&n=100&mkt=en-US (Caused by NewConnectionError('<urllib3.connection.HTTPSConnection object at 0x7fe7af51c1c0>: Failed to establish a new connection: [Errno -3] Temporary failure in name resolution'))

During handling of the above exception, another exception occurred:

Traceback (most recent call last):
  File "/usr/lib/python3.8/site-packages/variety/VarietyWindow.py", line 1158, in download_one_from
    file = downloader.download_one()
  File "/usr/lib/python3.8/site-packages/variety/plugins/downloaders/DefaultDownloader.py", line 141, in download_one
    items = self.fill_queue()
  File "/usr/lib/python3.8/site-packages/variety/plugins/builtin/downloaders/BingDownloader.py", line 61, in fill_queue
    s = Util.fetch_json(BingDownloader.BING_JSON_URL)
  File "/usr/lib/python3.8/site-packages/variety/Util.py", line 644, in fetch_json
    return Util.request(url, data, **request_kwargs).json()
  File "/usr/lib/python3.8/site-packages/variety/Util.py", line 614, in request
    r = requests.request(
  File "/usr/lib/python3.8/site-packages/requests/api.py", line 61, in request
    return session.request(method=method, url=url, **kwargs)
  File "/usr/lib/python3.8/site-packages/requests/sessions.py", line 530, in request
    resp = self.send(prep, **send_kwargs)
  File "/usr/lib/python3.8/site-packages/requests/sessions.py", line 643, in send
    r = adapter.send(request, **kwargs)
  File "/usr/lib/python3.8/site-packages/requests/adapters.py", line 516, in send
    raise ConnectionError(e, request=request)
requests.exceptions.ConnectionError: HTTPSConnectionPool(host='www.bing.com', port=443): Max retries exceeded with url: /HPImageArchive.aspx?format=js&idx=0&n=100&mkt=en-US (Caused by NewConnectionError('<urllib3.connection.HTTPSConnection object at 0x7fe7af51c1c0>: Failed to establish a new connection: [Errno -3] Temporary failure in name resolution'))
INFO: 2020-11-03 14:44:44,815: prepare_thread() 'After search prepared buffer contains 8 images'
INFO: 2020-11-03 14:44:44,890: do_set_wp() 'Calling do_set_wp with /home/saul/Pictures/wallpaper/Downloaded by Variety/Bing/OHR.TorngatsMt_EN-US1184448099_1920x1080.jpg, time: 1604403884.8904905'
INFO: 2020-11-03 14:44:44,933: update_indicator() 'Setting file info to: /home/saul/Pictures/wallpaper/Downloaded by Variety/Bing/OHR.TorngatsMt_EN-US1184448099_1920x1080.jpg'
INFO: 2020-11-03 14:44:46,224: reload() 'Reloading preferences dialog'
INFO: 2020-11-03 14:44:46,816: trigger_download() 'Triggering download thread to check if download needed'
