INFO: 2020-11-02 17:38:33,247: main() 'Using profile folder /home/saul/.config/variety/'
INFO: 2020-11-02 17:38:33,250: perform_upgrade() 'Last run version was 0.8.4 or earlier, current version is 0.8.4'
INFO: 2020-11-02 17:38:33,378: process_command() 'Received command: []'
INFO: 2020-11-02 17:38:33,396: start() 'Using data_path /usr/share/variety'
INFO: 2020-11-02 17:38:33,396: load() 'Jumble loading'
INFO: 2020-11-02 17:38:33,396: _walk_modules() 'Jumble loading module in __init__ from /usr/lib/python3.8/site-packages/variety/plugins/builtin/__init__.py'
INFO: 2020-11-02 17:38:33,396: _walk_modules() 'Jumble loading module in APODDownloader from /usr/lib/python3.8/site-packages/variety/plugins/builtin/downloaders/APODDownloader.py'
INFO: 2020-11-02 17:38:33,397: load() 'Jumble found plugin class: <class 'APODDownloader.APODDownloader'>: {'name': 'APODDownloader', 'description': 'NASA Astro Pic of the Day', 'author': 'Peter Levi', 'version': '0.1'}'
INFO: 2020-11-02 17:38:33,397: _walk_modules() 'Jumble loading module in BingDownloader from /usr/lib/python3.8/site-packages/variety/plugins/builtin/downloaders/BingDownloader.py'
INFO: 2020-11-02 17:38:33,398: load() 'Jumble found plugin class: <class 'BingDownloader.BingDownloader'>: {'name': 'BingDownloader', 'description': 'Bing Photo of the Day', 'author': 'Peter Levi', 'version': '0.1'}'
INFO: 2020-11-02 17:38:33,398: _walk_modules() 'Jumble loading module in EarthviewDownloader from /usr/lib/python3.8/site-packages/variety/plugins/builtin/downloaders/EarthviewDownloader.py'
INFO: 2020-11-02 17:38:33,399: load() 'Jumble found plugin class: <class 'EarthviewDownloader.EarthviewDownloader'>: {'name': 'EarthviewDownloader', 'description': 'Google Earth View Wallpapers', 'author': 'Peter Levi', 'version': '0.1'}'
INFO: 2020-11-02 17:38:33,399: _walk_modules() 'Jumble loading module in MediaRSSDownloader from /usr/lib/python3.8/site-packages/variety/plugins/builtin/downloaders/MediaRSSDownloader.py'
INFO: 2020-11-02 17:38:33,399: _walk_modules() 'Jumble loading module in MediaRSSSource from /usr/lib/python3.8/site-packages/variety/plugins/builtin/downloaders/MediaRSSSource.py'
INFO: 2020-11-02 17:38:33,400: load() 'Jumble found plugin class: <class 'MediaRSSSource.MediaRSSSource'>: {'name': 'MediaRSSSource', 'description': 'Configurable source for fetching images from MediaRSS feeds', 'author': 'Peter Levi', 'version': '0.1'}'
INFO: 2020-11-02 17:38:33,401: _walk_modules() 'Jumble loading module in RedditDownloader from /usr/lib/python3.8/site-packages/variety/plugins/builtin/downloaders/RedditDownloader.py'
INFO: 2020-11-02 17:38:33,401: _walk_modules() 'Jumble loading module in RedditSource from /usr/lib/python3.8/site-packages/variety/plugins/builtin/downloaders/RedditSource.py'
INFO: 2020-11-02 17:38:33,402: load() 'Jumble found plugin class: <class 'RedditSource.RedditSource'>: {'name': 'RedditSource', 'description': 'Configurable source for fetching images from Reddit', 'author': 'Peter Levi', 'version': '0.1'}'
INFO: 2020-11-02 17:38:33,402: _walk_modules() 'Jumble loading module in UnsplashConfigurableSource from /usr/lib/python3.8/site-packages/variety/plugins/builtin/downloaders/UnsplashConfigurableSource.py'
INFO: 2020-11-02 17:38:33,403: load() 'Jumble found plugin class: <class 'UnsplashConfigurableSource.UnsplashConfigurableSource'>: {'name': 'UnsplashConfigurableSource', 'description': 'Configurable source for fetching photos from Unsplash.com', 'author': 'Peter Levi', 'version': '0.1'}'
INFO: 2020-11-02 17:38:33,403: _walk_modules() 'Jumble loading module in UnsplashDownloader from /usr/lib/python3.8/site-packages/variety/plugins/builtin/downloaders/UnsplashDownloader.py'
INFO: 2020-11-02 17:38:33,404: load() 'Jumble found plugin class: <class 'UnsplashDownloader.UnsplashDownloader'>: {'name': 'UnsplashDownloader', 'description': 'High-resolution photos from Unsplash.com', 'author': 'Peter Levi', 'version': '0.1'}'
INFO: 2020-11-02 17:38:33,404: _walk_modules() 'Jumble loading module in WallhavenDownloader from /usr/lib/python3.8/site-packages/variety/plugins/builtin/downloaders/WallhavenDownloader.py'
INFO: 2020-11-02 17:38:33,404: _walk_modules() 'Jumble loading module in WallhavenSource from /usr/lib/python3.8/site-packages/variety/plugins/builtin/downloaders/WallhavenSource.py'
INFO: 2020-11-02 17:38:33,405: load() 'Jumble found plugin class: <class 'WallhavenSource.WallhavenSource'>: {'name': 'WallhavenSource', 'description': 'Configurable source for fetching images from Wallhaven.cc', 'author': 'Peter Levi', 'version': '0.1'}'
INFO: 2020-11-02 17:38:33,405: _walk_modules() 'Jumble loading module in __init__ from /usr/lib/python3.8/site-packages/variety/plugins/builtin/downloaders/__init__.py'
INFO: 2020-11-02 17:38:33,405: _walk_modules() 'Jumble loading module in FortuneSource from /usr/lib/python3.8/site-packages/variety/plugins/builtin/quotes/FortuneSource.py'
INFO: 2020-11-02 17:38:33,406: load() 'Jumble found plugin class: <class 'FortuneSource.FortuneSource'>: {'name': 'UNIX fortune program', 'description': 'Displays quotes using the UNIX fortune program. You may want to install additional fortune packs, e.g. fortunes-bofh-excuses.', 'author': 'Dan Jones', 'version': '0.1'}'
INFO: 2020-11-02 17:38:33,406: _walk_modules() 'Jumble loading module in GoodreadsSource from /usr/lib/python3.8/site-packages/variety/plugins/builtin/quotes/GoodreadsSource.py'
INFO: 2020-11-02 17:38:33,410: load() 'Jumble found plugin class: <class 'GoodreadsSource.GoodreadsSource'>: {'name': 'Goodreads', 'description': 'Fetches quotes from Goodreads.com', 'author': 'Peter Levi', 'version': '0.1'}'
INFO: 2020-11-02 17:38:33,410: _walk_modules() 'Jumble loading module in LocalFilesSource from /usr/lib/python3.8/site-packages/variety/plugins/builtin/quotes/LocalFilesSource.py'
INFO: 2020-11-02 17:38:33,410: load() 'Jumble found plugin class: <class 'LocalFilesSource.LocalFilesSource'>: {'name': 'Local text files', 'description': 'Displays quotes, defined in local text files.\nPut your own txt files in: ~/.config/variety/pluginconfig/quotes/.\nThe file format is:\n\nquote -- author\n.\nsecond quote -- another author\n.\netc...\n\nExample: http://rvelthuis.de/zips/quotes.txt', 'author': 'Peter Levi', 'version': '0.1'}'
INFO: 2020-11-02 17:38:33,410: _walk_modules() 'Jumble loading module in QuotationsPageSource from /usr/lib/python3.8/site-packages/variety/plugins/builtin/quotes/QuotationsPageSource.py'
INFO: 2020-11-02 17:38:33,411: load() 'Jumble found plugin class: <class 'QuotationsPageSource.QuotationsPageSource'>: {'name': 'TheQuotationsPage.com', 'description': 'Fetches quotes from TheQuotationsPage.com', 'author': 'Peter Levi', 'version': '0.1'}'
INFO: 2020-11-02 17:38:33,411: _walk_modules() 'Jumble loading module in UrbanDictionarySource from /usr/lib/python3.8/site-packages/variety/plugins/builtin/quotes/UrbanDictionarySource.py'
INFO: 2020-11-02 17:38:33,411: load() 'Jumble found plugin class: <class 'UrbanDictionarySource.UrbanDictionarySource'>: {'name': 'Urban Dictionary', 'description': 'Displays definitions from Urban Dictionary', 'author': 'James Miller', 'version': '0.1'}'
INFO: 2020-11-02 17:38:33,411: _walk_modules() 'Jumble loading module in __init__ from /usr/lib/python3.8/site-packages/variety/plugins/builtin/quotes/__init__.py'
INFO: 2020-11-02 17:38:33,413: reload_config() 'Creating new downloader for type bing, location Bing Photo of the Day'
INFO: 2020-11-02 17:38:33,413: reload_config() 'Creating new downloader for type earthview, location Google Earth View Wallpapers'
INFO: 2020-11-02 17:38:33,414: log_options() 'Loaded options:'
INFO: 2020-11-02 17:38:33,414: log_options() 'change_enabled = False'
INFO: 2020-11-02 17:38:33,414: log_options() 'change_interval = 300'
INFO: 2020-11-02 17:38:33,414: log_options() 'change_on_start = True'
INFO: 2020-11-02 17:38:33,414: log_options() 'clipboard_enabled = False'
INFO: 2020-11-02 17:38:33,414: log_options() 'clipboard_hosts = ['wallhaven.cc', 'ns223506.ovh.net', 'wallpapers.net', 'flickr.com', 'imgur.com', 'deviantart.com', 'interfacelift.com', 'vladstudio.com', 'imageshack.us']'
INFO: 2020-11-02 17:38:33,414: log_options() 'clipboard_use_whitelist = True'
INFO: 2020-11-02 17:38:33,414: log_options() 'clock_date_font = Ubuntu Condensed, 30'
INFO: 2020-11-02 17:38:33,414: log_options() 'clock_enabled = False'
INFO: 2020-11-02 17:38:33,414: log_options() 'clock_filter = -density 100 -font `fc-match -f '%{file[0]}' '%CLOCK_FONT_NAME'` -pointsize %CLOCK_FONT_SIZE -gravity SouthEast -fill '#00000044' -annotate 0x0+[%HOFFSET+58]+[%VOFFSET+108] '%H:%M' -fill white -annotate 0x0+[%HOFFSET+60]+[%VOFFSET+110] '%H:%M' -font `fc-match -f '%{file[0]}' '%DATE_FONT_NAME'` -pointsize %DATE_FONT_SIZE -fill '#00000044' -annotate 0x0+[%HOFFSET+58]+[%VOFFSET+58] '%A, %B %d' -fill white -annotate 0x0+[%HOFFSET+60]+[%VOFFSET+60] '%A, %B %d''
INFO: 2020-11-02 17:38:33,414: log_options() 'clock_font = Ubuntu Condensed, 70'
INFO: 2020-11-02 17:38:33,414: log_options() 'configfile = /home/saul/.config/variety/variety.conf'
INFO: 2020-11-02 17:38:33,414: log_options() 'copyto_enabled = False'
INFO: 2020-11-02 17:38:33,414: log_options() 'copyto_folder = Default'
INFO: 2020-11-02 17:38:33,414: log_options() 'desired_color = [160, 160, 160]'
INFO: 2020-11-02 17:38:33,414: log_options() 'desired_color_enabled = False'
INFO: 2020-11-02 17:38:33,414: log_options() 'download_folder = /home/saul/Pictures/wallpaper'
INFO: 2020-11-02 17:38:33,414: log_options() 'download_preference_ratio = 0.9'
INFO: 2020-11-02 17:38:33,414: log_options() 'favorites_folder = /home/saul/.config/variety/Favorites'
INFO: 2020-11-02 17:38:33,414: log_options() 'favorites_operations = [['Downloaded', 'Copy'], ['Fetched', 'Move'], ['Others', 'Copy']]'
INFO: 2020-11-02 17:38:33,414: log_options() 'fetched_folder = /home/saul/.config/variety/Fetched'
INFO: 2020-11-02 17:38:33,414: log_options() 'filters = [[False, 'Keep original', ''], [False, 'Grayscale', '-type Grayscale'], [False, 'Heavy blur', '-blur 120x40'], [False, 'Soft blur', '-blur 20x7'], [False, 'Oil painting', '-paint 8'], [False, 'Pencil sketch', '-colorspace gray \\( +clone -tile ~/.config/variety/pencil_tile.png -draw "color 0,0 reset" +clone +swap -compose color_dodge -composite \\) -fx \'u*.2+v*.8\''], [False, 'Pointilism', '-spread 10 -noise 3'], [False, 'Pixellate', '-scale 3% -scale 3333%']]'
INFO: 2020-11-02 17:38:33,414: log_options() 'icon = None'
INFO: 2020-11-02 17:38:33,414: log_options() 'lightness_enabled = False'
INFO: 2020-11-02 17:38:33,414: log_options() 'lightness_mode = 0'
INFO: 2020-11-02 17:38:33,414: log_options() 'min_rating = 4'
INFO: 2020-11-02 17:38:33,414: log_options() 'min_rating_enabled = False'
INFO: 2020-11-02 17:38:33,414: log_options() 'min_size = 80'
INFO: 2020-11-02 17:38:33,414: log_options() 'min_size_enabled = False'
INFO: 2020-11-02 17:38:33,415: log_options() 'quota_enabled = False'
INFO: 2020-11-02 17:38:33,415: log_options() 'quota_size = 500'
INFO: 2020-11-02 17:38:33,415: log_options() 'quotes_authors = '
INFO: 2020-11-02 17:38:33,415: log_options() 'quotes_bg_color = [80, 80, 80]'
INFO: 2020-11-02 17:38:33,415: log_options() 'quotes_bg_opacity = 55'
INFO: 2020-11-02 17:38:33,415: log_options() 'quotes_change_enabled = False'
INFO: 2020-11-02 17:38:33,415: log_options() 'quotes_change_interval = 300'
INFO: 2020-11-02 17:38:33,415: log_options() 'quotes_disabled_sources = ['Urban Dictionary']'
INFO: 2020-11-02 17:38:33,415: log_options() 'quotes_enabled = False'
INFO: 2020-11-02 17:38:33,415: log_options() 'quotes_favorites_file = /home/saul/.config/variety/favorite_quotes.txt'
INFO: 2020-11-02 17:38:33,415: log_options() 'quotes_font = Bitstream Charter 30'
INFO: 2020-11-02 17:38:33,415: log_options() 'quotes_hpos = 100'
INFO: 2020-11-02 17:38:33,415: log_options() 'quotes_max_length = 250'
INFO: 2020-11-02 17:38:33,415: log_options() 'quotes_tags = '
INFO: 2020-11-02 17:38:33,415: log_options() 'quotes_text_color = [255, 255, 255]'
INFO: 2020-11-02 17:38:33,415: log_options() 'quotes_text_shadow = False'
INFO: 2020-11-02 17:38:33,415: log_options() 'quotes_vpos = 40'
INFO: 2020-11-02 17:38:33,415: log_options() 'quotes_width = 70'
INFO: 2020-11-02 17:38:33,415: log_options() 'safe_mode = False'
INFO: 2020-11-02 17:38:33,415: log_options() 'slideshow_custom_enabled = False'
INFO: 2020-11-02 17:38:33,415: log_options() 'slideshow_custom_folder = /home/saul/Pictures'
INFO: 2020-11-02 17:38:33,415: log_options() 'slideshow_downloads_enabled = False'
INFO: 2020-11-02 17:38:33,415: log_options() 'slideshow_fade = 0.4'
INFO: 2020-11-02 17:38:33,415: log_options() 'slideshow_favorites_enabled = True'
INFO: 2020-11-02 17:38:33,415: log_options() 'slideshow_mode = Fullscreen'
INFO: 2020-11-02 17:38:33,415: log_options() 'slideshow_monitor = All'
INFO: 2020-11-02 17:38:33,415: log_options() 'slideshow_pan = 0.05'
INFO: 2020-11-02 17:38:33,415: log_options() 'slideshow_seconds = 6.0'
INFO: 2020-11-02 17:38:33,415: log_options() 'slideshow_sort_order = Random'
INFO: 2020-11-02 17:38:33,415: log_options() 'slideshow_sources_enabled = True'
INFO: 2020-11-02 17:38:33,415: log_options() 'slideshow_zoom = 0.2'
INFO: 2020-11-02 17:38:33,415: log_options() 'smart_enabled = False'
INFO: 2020-11-02 17:38:33,415: log_options() 'smart_notice_shown = False'
INFO: 2020-11-02 17:38:33,415: log_options() 'smart_register_shown = False'
INFO: 2020-11-02 17:38:33,416: log_options() 'sources = [[False, 'favorites', 'The Favorites folder'], [False, 'fetched', 'The Fetched folder'], [False, 'folder', '/usr/share/backgrounds'], [False, 'desktoppr', 'Random wallpapers from Desktoppr.co'], [True, 'bing', 'Bing Photo of the Day'], [False, 'unsplash', 'High-resolution photos from Unsplash.com'], [False, 'apod', "NASA's Astronomy Picture of the Day"], [False, 'flickr', 'user:www.flickr.com/photos/peter-levi/;user_id:93647178@N00;'], [True, 'chromeos', 'Chrome OS Wallpapers'], [True, 'earthview', 'Google Earth View Wallpapers']]'
INFO: 2020-11-02 17:38:33,416: log_options() 'stats_enabled = True'
INFO: 2020-11-02 17:38:33,416: log_options() 'stats_notice_shown = False'
INFO: 2020-11-02 17:38:33,416: log_options() 'sync_enabled = True'
INFO: 2020-11-02 17:38:33,416: log_options() 'use_landscape_enabled = True'
INFO: 2020-11-02 17:38:33,416: reload_config() 'No need to clear prepared queue'
INFO: 2020-11-02 17:38:33,416: update_indicator() 'Setting file info to: /home/saul/Pictures/wallpaper/Downloaded by Variety/Bing/OHR.BCPumpkins_EN-US0587350936_1920x1080.jpg'
INFO: 2020-11-02 17:38:33,417: load_last_change_time() 'Change interval < 6 hours, ignore persisted last_change_time, wait initially the whole interval: 300'
INFO: 2020-11-02 17:38:33,417: update_indicator() 'Setting file info to: /home/saul/Pictures/wallpaper/Downloaded by Variety/Bing/OHR.BCPumpkins_EN-US0587350936_1920x1080.jpg'
INFO: 2020-11-02 17:38:33,417: regular_change_thread() 'regular_change thread running'
INFO: 2020-11-02 17:38:33,417: prepare_thread() 'Prepare thread running'
INFO: 2020-11-02 17:38:33,417: prepare_thread() 'Prepared buffer contains 0 images'
INFO: 2020-11-02 17:38:33,418: get_throttling() 'Bing: parsing serverside options'
INFO: 2020-11-02 17:38:33,418: prepare_thread() 'Preparing some images'
INFO: 2020-11-02 17:38:33,418: get_throttling() 'Could not parse Bing serverside options, using defaults None, None'
INFO: 2020-11-02 17:38:33,418: get_throttling() 'Bing: parsing serverside options'
INFO: 2020-11-02 17:38:33,418: get_throttling() 'Could not parse Bing serverside options, using defaults None, None'
INFO: 2020-11-02 17:38:33,418: download_one() 'Bing: Downloading an image, config: None'
INFO: 2020-11-02 17:38:33,419: download_one() 'Bing: Queue size: 0'
INFO: 2020-11-02 17:38:33,419: get_throttling() 'Bing: parsing serverside options'
INFO: 2020-11-02 17:38:33,419: get_throttling() 'Could not parse Bing serverside options, using defaults None, None'
INFO: 2020-11-02 17:38:33,419: download_one() 'Bing: Filling queue'
ERROR: 2020-11-02 17:38:33,423: download_one_from() 'Could not download wallpaper:'
Traceback (most recent call last):
  File "/usr/lib/python3.8/site-packages/urllib3/connection.py", line 159, in _new_conn
    conn = connection.create_connection(
  File "/usr/lib/python3.8/site-packages/urllib3/util/connection.py", line 61, in create_connection
    for res in socket.getaddrinfo(host, port, family, socket.SOCK_STREAM):
  File "/usr/lib/python3.8/socket.py", line 918, in getaddrinfo
    for res in _socket.getaddrinfo(host, port, family, type, proto, flags):
socket.gaierror: [Errno -3] Temporary failure in name resolution

During handling of the above exception, another exception occurred:

Traceback (most recent call last):
  File "/usr/lib/python3.8/site-packages/urllib3/connectionpool.py", line 670, in urlopen
    httplib_response = self._make_request(
  File "/usr/lib/python3.8/site-packages/urllib3/connectionpool.py", line 381, in _make_request
    self._validate_conn(conn)
  File "/usr/lib/python3.8/site-packages/urllib3/connectionpool.py", line 978, in _validate_conn
    conn.connect()
  File "/usr/lib/python3.8/site-packages/urllib3/connection.py", line 309, in connect
    conn = self._new_conn()
  File "/usr/lib/python3.8/site-packages/urllib3/connection.py", line 171, in _new_conn
    raise NewConnectionError(
urllib3.exceptions.NewConnectionError: <urllib3.connection.HTTPSConnection object at 0x7fad79bc3c10>: Failed to establish a new connection: [Errno -3] Temporary failure in name resolution

During handling of the above exception, another exception occurred:

Traceback (most recent call last):
  File "/usr/lib/python3.8/site-packages/requests/adapters.py", line 439, in send
    resp = conn.urlopen(
  File "/usr/lib/python3.8/site-packages/urllib3/connectionpool.py", line 726, in urlopen
    retries = retries.increment(
  File "/usr/lib/python3.8/site-packages/urllib3/util/retry.py", line 439, in increment
    raise MaxRetryError(_pool, url, error or ResponseError(cause))
urllib3.exceptions.MaxRetryError: HTTPSConnectionPool(host='www.bing.com', port=443): Max retries exceeded with url: /HPImageArchive.aspx?format=js&idx=0&n=100&mkt=en-US (Caused by NewConnectionError('<urllib3.connection.HTTPSConnection object at 0x7fad79bc3c10>: Failed to establish a new connection: [Errno -3] Temporary failure in name resolution'))

During handling of the above exception, another exception occurred:

Traceback (most recent call last):
  File "/usr/lib/python3.8/site-packages/variety/VarietyWindow.py", line 1158, in download_one_from
    file = downloader.download_one()
  File "/usr/lib/python3.8/site-packages/variety/plugins/downloaders/DefaultDownloader.py", line 141, in download_one
    items = self.fill_queue()
  File "/usr/lib/python3.8/site-packages/variety/plugins/builtin/downloaders/BingDownloader.py", line 61, in fill_queue
    s = Util.fetch_json(BingDownloader.BING_JSON_URL)
  File "/usr/lib/python3.8/site-packages/variety/Util.py", line 644, in fetch_json
    return Util.request(url, data, **request_kwargs).json()
  File "/usr/lib/python3.8/site-packages/variety/Util.py", line 614, in request
    r = requests.request(
  File "/usr/lib/python3.8/site-packages/requests/api.py", line 61, in request
    return session.request(method=method, url=url, **kwargs)
  File "/usr/lib/python3.8/site-packages/requests/sessions.py", line 530, in request
    resp = self.send(prep, **send_kwargs)
  File "/usr/lib/python3.8/site-packages/requests/sessions.py", line 643, in send
    r = adapter.send(request, **kwargs)
  File "/usr/lib/python3.8/site-packages/requests/adapters.py", line 516, in send
    raise ConnectionError(e, request=request)
requests.exceptions.ConnectionError: HTTPSConnectionPool(host='www.bing.com', port=443): Max retries exceeded with url: /HPImageArchive.aspx?format=js&idx=0&n=100&mkt=en-US (Caused by NewConnectionError('<urllib3.connection.HTTPSConnection object at 0x7fad79bc3c10>: Failed to establish a new connection: [Errno -3] Temporary failure in name resolution'))
INFO: 2020-11-02 17:38:33,443: prepare_thread() 'After search prepared buffer contains 100 images'
INFO: 2020-11-02 17:38:33,517: do_set_wp() 'Calling do_set_wp with /home/saul/Pictures/wallpaper/Downloaded by Variety/Bing/OHR.BCPumpkins_EN-US0587350936_1920x1080.jpg, time: 1604327913.5178308'
INFO: 2020-11-02 17:38:33,540: update_indicator() 'Setting file info to: /home/saul/Pictures/wallpaper/Downloaded by Variety/Bing/OHR.BCPumpkins_EN-US0587350936_1920x1080.jpg'
INFO: 2020-11-02 17:38:34,429: get_throttling() 'Earth View: parsing serverside options'
INFO: 2020-11-02 17:38:34,429: get_throttling() 'Could not parse Earth View serverside options, using defaults 20, None'
INFO: 2020-11-02 17:38:34,429: get_throttling() 'Earth View: parsing serverside options'
INFO: 2020-11-02 17:38:34,429: get_throttling() 'Could not parse Earth View serverside options, using defaults 20, None'
INFO: 2020-11-02 17:38:34,429: download_one() 'Earth View: Downloading an image, config: None'
INFO: 2020-11-02 17:38:34,429: download_one() 'Earth View: Queue size: 0'
INFO: 2020-11-02 17:38:34,429: get_throttling() 'Earth View: parsing serverside options'
INFO: 2020-11-02 17:38:34,430: get_throttling() 'Could not parse Earth View serverside options, using defaults 20, None'
INFO: 2020-11-02 17:38:34,430: download_one() 'Earth View: Filling queue'
ERROR: 2020-11-02 17:38:34,433: download_one_from() 'Could not download wallpaper:'
Traceback (most recent call last):
  File "/usr/lib/python3.8/site-packages/urllib3/connection.py", line 159, in _new_conn
    conn = connection.create_connection(
  File "/usr/lib/python3.8/site-packages/urllib3/util/connection.py", line 61, in create_connection
    for res in socket.getaddrinfo(host, port, family, socket.SOCK_STREAM):
  File "/usr/lib/python3.8/socket.py", line 918, in getaddrinfo
    for res in _socket.getaddrinfo(host, port, family, type, proto, flags):
socket.gaierror: [Errno -3] Temporary failure in name resolution

During handling of the above exception, another exception occurred:

Traceback (most recent call last):
  File "/usr/lib/python3.8/site-packages/urllib3/connectionpool.py", line 670, in urlopen
    httplib_response = self._make_request(
  File "/usr/lib/python3.8/site-packages/urllib3/connectionpool.py", line 381, in _make_request
    self._validate_conn(conn)
  File "/usr/lib/python3.8/site-packages/urllib3/connectionpool.py", line 978, in _validate_conn
    conn.connect()
  File "/usr/lib/python3.8/site-packages/urllib3/connection.py", line 309, in connect
    conn = self._new_conn()
  File "/usr/lib/python3.8/site-packages/urllib3/connection.py", line 171, in _new_conn
    raise NewConnectionError(
urllib3.exceptions.NewConnectionError: <urllib3.connection.HTTPSConnection object at 0x7fad78200d00>: Failed to establish a new connection: [Errno -3] Temporary failure in name resolution

During handling of the above exception, another exception occurred:

Traceback (most recent call last):
  File "/usr/lib/python3.8/site-packages/requests/adapters.py", line 439, in send
    resp = conn.urlopen(
  File "/usr/lib/python3.8/site-packages/urllib3/connectionpool.py", line 726, in urlopen
    retries = retries.increment(
  File "/usr/lib/python3.8/site-packages/urllib3/util/retry.py", line 439, in increment
    raise MaxRetryError(_pool, url, error or ResponseError(cause))
urllib3.exceptions.MaxRetryError: HTTPSConnectionPool(host='raw.githubusercontent.com', port=443): Max retries exceeded with url: /limhenry/earthview/3cd868a932cd652c4373c0f6ea8618a96b08be4e/wallpaper%20changer/data.json (Caused by NewConnectionError('<urllib3.connection.HTTPSConnection object at 0x7fad78200d00>: Failed to establish a new connection: [Errno -3] Temporary failure in name resolution'))

During handling of the above exception, another exception occurred:

Traceback (most recent call last):
  File "/usr/lib/python3.8/site-packages/variety/VarietyWindow.py", line 1158, in download_one_from
    file = downloader.download_one()
  File "/usr/lib/python3.8/site-packages/variety/plugins/downloaders/DefaultDownloader.py", line 141, in download_one
    items = self.fill_queue()
  File "/usr/lib/python3.8/site-packages/variety/plugins/builtin/downloaders/EarthviewDownloader.py", line 57, in fill_queue
    queue = Util.fetch_json(DATA_URL)
  File "/usr/lib/python3.8/site-packages/variety/Util.py", line 644, in fetch_json
    return Util.request(url, data, **request_kwargs).json()
  File "/usr/lib/python3.8/site-packages/variety/Util.py", line 614, in request
    r = requests.request(
  File "/usr/lib/python3.8/site-packages/requests/api.py", line 61, in request
    return session.request(method=method, url=url, **kwargs)
  File "/usr/lib/python3.8/site-packages/requests/sessions.py", line 530, in request
    resp = self.send(prep, **send_kwargs)
  File "/usr/lib/python3.8/site-packages/requests/sessions.py", line 643, in send
    r = adapter.send(request, **kwargs)
  File "/usr/lib/python3.8/site-packages/requests/adapters.py", line 516, in send
    raise ConnectionError(e, request=request)
requests.exceptions.ConnectionError: HTTPSConnectionPool(host='raw.githubusercontent.com', port=443): Max retries exceeded with url: /limhenry/earthview/3cd868a932cd652c4373c0f6ea8618a96b08be4e/wallpaper%20changer/data.json (Caused by NewConnectionError('<urllib3.connection.HTTPSConnection object at 0x7fad78200d00>: Failed to establish a new connection: [Errno -3] Temporary failure in name resolution'))
INFO: 2020-11-02 17:38:34,664: reload() 'Reloading preferences dialog'
INFO: 2020-11-02 17:38:35,444: trigger_download() 'Triggering download thread to check if download needed'
INFO: 2020-11-02 17:38:38,418: set_wallpaper() 'Calling set_wallpaper with /home/saul/Pictures/wallpaper/Downloaded by Variety/Earth View/Burketown, Australia (ID-2386).jpg'
INFO: 2020-11-02 17:38:38,419: prepare_thread() 'Prepared buffer contains 100 images'
INFO: 2020-11-02 17:38:38,421: do_set_wp() 'Calling do_set_wp with /home/saul/Pictures/wallpaper/Downloaded by Variety/Earth View/Burketown, Australia (ID-2386).jpg, time: 1604327918.4217377'
INFO: 2020-11-02 17:38:38,438: regular_change_thread() 'regular_change: waiting till user resumes'
INFO: 2020-11-02 17:38:38,468: update_indicator() 'Setting file info to: /home/saul/Pictures/wallpaper/Downloaded by Variety/Earth View/Burketown, Australia (ID-2386).jpg'
INFO: 2020-11-02 17:38:40,421: trigger_download() 'Triggering download thread to check if download needed'
INFO: 2020-11-02 17:38:40,422: trigger_download() 'Triggering download thread to check if download needed'
INFO: 2020-11-02 17:38:53,424: server_options_thread() 'Fetching server options from http://tiny.cc/variety-options-063'
ERROR: 2020-11-02 17:38:53,435: server_options_thread() 'Could not fetch Variety serverside options'
Traceback (most recent call last):
  File "/usr/lib/python3.8/site-packages/urllib3/connection.py", line 159, in _new_conn
    conn = connection.create_connection(
  File "/usr/lib/python3.8/site-packages/urllib3/util/connection.py", line 61, in create_connection
    for res in socket.getaddrinfo(host, port, family, socket.SOCK_STREAM):
  File "/usr/lib/python3.8/socket.py", line 918, in getaddrinfo
    for res in _socket.getaddrinfo(host, port, family, type, proto, flags):
socket.gaierror: [Errno -3] Temporary failure in name resolution

During handling of the above exception, another exception occurred:

Traceback (most recent call last):
  File "/usr/lib/python3.8/site-packages/urllib3/connectionpool.py", line 670, in urlopen
    httplib_response = self._make_request(
  File "/usr/lib/python3.8/site-packages/urllib3/connectionpool.py", line 392, in _make_request
    conn.request(method, url, **httplib_request_kw)
  File "/usr/lib/python3.8/http/client.py", line 1255, in request
    self._send_request(method, url, body, headers, encode_chunked)
  File "/usr/lib/python3.8/http/client.py", line 1301, in _send_request
    self.endheaders(body, encode_chunked=encode_chunked)
  File "/usr/lib/python3.8/http/client.py", line 1250, in endheaders
    self._send_output(message_body, encode_chunked=encode_chunked)
  File "/usr/lib/python3.8/http/client.py", line 1010, in _send_output
    self.send(msg)
  File "/usr/lib/python3.8/http/client.py", line 950, in send
    self.connect()
  File "/usr/lib/python3.8/site-packages/urllib3/connection.py", line 187, in connect
    conn = self._new_conn()
  File "/usr/lib/python3.8/site-packages/urllib3/connection.py", line 171, in _new_conn
    raise NewConnectionError(
urllib3.exceptions.NewConnectionError: <urllib3.connection.HTTPConnection object at 0x7fad582eda60>: Failed to establish a new connection: [Errno -3] Temporary failure in name resolution

During handling of the above exception, another exception occurred:

Traceback (most recent call last):
  File "/usr/lib/python3.8/site-packages/requests/adapters.py", line 439, in send
    resp = conn.urlopen(
  File "/usr/lib/python3.8/site-packages/urllib3/connectionpool.py", line 726, in urlopen
    retries = retries.increment(
  File "/usr/lib/python3.8/site-packages/urllib3/util/retry.py", line 439, in increment
    raise MaxRetryError(_pool, url, error or ResponseError(cause))
urllib3.exceptions.MaxRetryError: HTTPConnectionPool(host='tiny.cc', port=80): Max retries exceeded with url: /variety-options-063 (Caused by NewConnectionError('<urllib3.connection.HTTPConnection object at 0x7fad582eda60>: Failed to establish a new connection: [Errno -3] Temporary failure in name resolution'))

During handling of the above exception, another exception occurred:

Traceback (most recent call last):
  File "/usr/lib/python3.8/site-packages/variety/VarietyWindow.py", line 1086, in server_options_thread
    self.server_options = Util.fetch_json(VarietyWindow.SERVERSIDE_OPTIONS_URL)
  File "/usr/lib/python3.8/site-packages/variety/Util.py", line 644, in fetch_json
    return Util.request(url, data, **request_kwargs).json()
  File "/usr/lib/python3.8/site-packages/variety/Util.py", line 614, in request
    r = requests.request(
  File "/usr/lib/python3.8/site-packages/requests/api.py", line 61, in request
    return session.request(method=method, url=url, **kwargs)
  File "/usr/lib/python3.8/site-packages/requests/sessions.py", line 530, in request
    resp = self.send(prep, **send_kwargs)
  File "/usr/lib/python3.8/site-packages/requests/sessions.py", line 643, in send
    r = adapter.send(request, **kwargs)
  File "/usr/lib/python3.8/site-packages/requests/adapters.py", line 516, in send
    raise ConnectionError(e, request=request)
requests.exceptions.ConnectionError: HTTPConnectionPool(host='tiny.cc', port=80): Max retries exceeded with url: /variety-options-063 (Caused by NewConnectionError('<urllib3.connection.HTTPConnection object at 0x7fad582eda60>: Failed to establish a new connection: [Errno -3] Temporary failure in name resolution'))
INFO: 2020-11-02 17:39:23,440: server_options_thread() 'Fetching server options from http://tiny.cc/variety-options-063'
INFO: 2020-11-02 17:39:25,116: server_options_thread() 'Fetched server options: {'flickr': {'min_fill_queue_interval': 1200, 'min_download_interval': 1200}, 'wallbase': {'min_fill_queue_interval': 1800, 'min_download_interval': 1800}, 'wallhaven': {'min_fill_queue_interval': 1800, 'min_download_interval': 1800}, 'wallpapers.net': {'min_fill_queue_interval': 601, 'min_download_interval': 0}, 'unsplash': {'min_fill_queue_interval': 20000000000, 'min_download_interval': 20000000000}, 'unsplash_v2': {'min_fill_queue_interval': 2000, 'min_download_interval': 1200}, 'status_message': {'0.0.1': '', '*': ''}}'
INFO: 2020-11-02 17:41:12,890: process_command() 'Received command: ['--preferences']'
INFO: 2020-11-02 17:41:12,893: reload() 'Reloading preferences dialog'
INFO: 2020-11-02 17:41:16,179: apply() 'Applying preferences'
INFO: 2020-11-02 17:41:16,206: log_options() 'Loaded options:'
INFO: 2020-11-02 17:41:16,207: log_options() 'change_enabled = False'
INFO: 2020-11-02 17:41:16,207: log_options() 'change_interval = 300'
INFO: 2020-11-02 17:41:16,207: log_options() 'change_on_start = False'
INFO: 2020-11-02 17:41:16,207: log_options() 'clipboard_enabled = False'
INFO: 2020-11-02 17:41:16,208: log_options() 'clipboard_hosts = ['wallhaven.cc', 'ns223506.ovh.net', 'wallpapers.net', 'flickr.com', 'imgur.com', 'deviantart.com', 'interfacelift.com', 'vladstudio.com', 'imageshack.us']'
INFO: 2020-11-02 17:41:16,208: log_options() 'clipboard_use_whitelist = True'
INFO: 2020-11-02 17:41:16,208: log_options() 'clock_date_font = Ubuntu Condensed, 30'
INFO: 2020-11-02 17:41:16,208: log_options() 'clock_enabled = False'
INFO: 2020-11-02 17:41:16,208: log_options() 'clock_filter = -density 100 -font `fc-match -f '%{file[0]}' '%CLOCK_FONT_NAME'` -pointsize %CLOCK_FONT_SIZE -gravity SouthEast -fill '#00000044' -annotate 0x0+[%HOFFSET+58]+[%VOFFSET+108] '%H:%M' -fill white -annotate 0x0+[%HOFFSET+60]+[%VOFFSET+110] '%H:%M' -font `fc-match -f '%{file[0]}' '%DATE_FONT_NAME'` -pointsize %DATE_FONT_SIZE -fill '#00000044' -annotate 0x0+[%HOFFSET+58]+[%VOFFSET+58] '%A, %B %d' -fill white -annotate 0x0+[%HOFFSET+60]+[%VOFFSET+60] '%A, %B %d''
INFO: 2020-11-02 17:41:16,208: log_options() 'clock_font = Ubuntu Condensed, 70'
INFO: 2020-11-02 17:41:16,209: log_options() 'configfile = /home/saul/.config/variety/variety.conf'
INFO: 2020-11-02 17:41:16,209: log_options() 'copyto_enabled = False'
INFO: 2020-11-02 17:41:16,209: log_options() 'copyto_folder = Default'
INFO: 2020-11-02 17:41:16,209: log_options() 'desired_color = [160, 160, 160]'
INFO: 2020-11-02 17:41:16,209: log_options() 'desired_color_enabled = False'
INFO: 2020-11-02 17:41:16,209: log_options() 'download_folder = /home/saul/Pictures/wallpaper'
INFO: 2020-11-02 17:41:16,209: log_options() 'download_preference_ratio = 0.9'
INFO: 2020-11-02 17:41:16,209: log_options() 'favorites_folder = /home/saul/.config/variety/Favorites'
INFO: 2020-11-02 17:41:16,210: log_options() 'favorites_operations = [['Downloaded', 'Copy'], ['Fetched', 'Move'], ['Others', 'Copy']]'
INFO: 2020-11-02 17:41:16,210: log_options() 'fetched_folder = /home/saul/.config/variety/Fetched'
INFO: 2020-11-02 17:41:16,210: log_options() 'filters = [[False, 'Keep original', ''], [False, 'Grayscale', '-type Grayscale'], [False, 'Heavy blur', '-blur 120x40'], [False, 'Soft blur', '-blur 20x7'], [False, 'Oil painting', '-paint 8'], [False, 'Pencil sketch', '-colorspace gray \\( +clone -tile ~/.config/variety/pencil_tile.png -draw "color 0,0 reset" +clone +swap -compose color_dodge -composite \\) -fx \'u*.2+v*.8\''], [False, 'Pointilism', '-spread 10 -noise 3'], [False, 'Pixellate', '-scale 3% -scale 3333%']]'
INFO: 2020-11-02 17:41:16,210: log_options() 'icon = None'
INFO: 2020-11-02 17:41:16,210: log_options() 'lightness_enabled = False'
INFO: 2020-11-02 17:41:16,210: log_options() 'lightness_mode = 0'
INFO: 2020-11-02 17:41:16,210: log_options() 'min_rating = 4'
INFO: 2020-11-02 17:41:16,211: log_options() 'min_rating_enabled = False'
INFO: 2020-11-02 17:41:16,211: log_options() 'min_size = 80'
INFO: 2020-11-02 17:41:16,211: log_options() 'min_size_enabled = False'
INFO: 2020-11-02 17:41:16,211: log_options() 'quota_enabled = False'
INFO: 2020-11-02 17:41:16,211: log_options() 'quota_size = 500'
INFO: 2020-11-02 17:41:16,211: log_options() 'quotes_authors = '
INFO: 2020-11-02 17:41:16,211: log_options() 'quotes_bg_color = [80, 80, 80]'
INFO: 2020-11-02 17:41:16,211: log_options() 'quotes_bg_opacity = 55'
INFO: 2020-11-02 17:41:16,212: log_options() 'quotes_change_enabled = False'
INFO: 2020-11-02 17:41:16,212: log_options() 'quotes_change_interval = 300'
INFO: 2020-11-02 17:41:16,212: log_options() 'quotes_disabled_sources = ['Urban Dictionary']'
INFO: 2020-11-02 17:41:16,212: log_options() 'quotes_enabled = False'
INFO: 2020-11-02 17:41:16,212: log_options() 'quotes_favorites_file = /home/saul/.config/variety/favorite_quotes.txt'
INFO: 2020-11-02 17:41:16,212: log_options() 'quotes_font = Bitstream Charter 30'
INFO: 2020-11-02 17:41:16,212: log_options() 'quotes_hpos = 100'
INFO: 2020-11-02 17:41:16,212: log_options() 'quotes_max_length = 250'
INFO: 2020-11-02 17:41:16,213: log_options() 'quotes_tags = '
INFO: 2020-11-02 17:41:16,213: log_options() 'quotes_text_color = [255, 255, 255]'
INFO: 2020-11-02 17:41:16,213: log_options() 'quotes_text_shadow = False'
INFO: 2020-11-02 17:41:16,213: log_options() 'quotes_vpos = 40'
INFO: 2020-11-02 17:41:16,213: log_options() 'quotes_width = 70'
INFO: 2020-11-02 17:41:16,213: log_options() 'safe_mode = False'
INFO: 2020-11-02 17:41:16,213: log_options() 'slideshow_custom_enabled = False'
INFO: 2020-11-02 17:41:16,213: log_options() 'slideshow_custom_folder = /home/saul/Pictures'
INFO: 2020-11-02 17:41:16,214: log_options() 'slideshow_downloads_enabled = False'
INFO: 2020-11-02 17:41:16,214: log_options() 'slideshow_fade = 0.4'
INFO: 2020-11-02 17:41:16,214: log_options() 'slideshow_favorites_enabled = True'
INFO: 2020-11-02 17:41:16,214: log_options() 'slideshow_mode = Fullscreen'
INFO: 2020-11-02 17:41:16,214: log_options() 'slideshow_monitor = All'
INFO: 2020-11-02 17:41:16,214: log_options() 'slideshow_pan = 0.05'
INFO: 2020-11-02 17:41:16,214: log_options() 'slideshow_seconds = 6.0'
INFO: 2020-11-02 17:41:16,215: log_options() 'slideshow_sort_order = Random'
INFO: 2020-11-02 17:41:16,215: log_options() 'slideshow_sources_enabled = True'
INFO: 2020-11-02 17:41:16,215: log_options() 'slideshow_zoom = 0.2'
INFO: 2020-11-02 17:41:16,215: log_options() 'smart_enabled = False'
INFO: 2020-11-02 17:41:16,215: log_options() 'smart_notice_shown = False'
INFO: 2020-11-02 17:41:16,215: log_options() 'smart_register_shown = False'
INFO: 2020-11-02 17:41:16,215: log_options() 'sources = [[False, 'favorites', 'The Favorites folder'], [False, 'fetched', 'The Fetched folder'], [False, 'folder', '/usr/share/backgrounds'], [True, 'bing', 'Bing Photo of the Day'], [False, 'unsplash', 'High-resolution photos from Unsplash.com'], [False, 'apod', "NASA's Astronomy Picture of the Day"], [False, 'flickr', 'user:www.flickr.com/photos/peter-levi/;user_id:93647178@N00;'], [True, 'earthview', 'Google Earth View Wallpapers'], [False, 'desktoppr', 'Random wallpapers from Desktoppr.co'], [True, 'chromeos', 'Chrome OS Wallpapers']]'
INFO: 2020-11-02 17:41:16,215: log_options() 'stats_enabled = True'
INFO: 2020-11-02 17:41:16,216: log_options() 'stats_notice_shown = False'
INFO: 2020-11-02 17:41:16,216: log_options() 'sync_enabled = True'
INFO: 2020-11-02 17:41:16,216: log_options() 'use_landscape_enabled = True'
INFO: 2020-11-02 17:41:16,216: clear_prepared_queue() 'Clearing prepared queue'
INFO: 2020-11-02 17:41:16,216: update_indicator() 'Setting file info to: /home/saul/Pictures/wallpaper/Downloaded by Variety/Earth View/Burketown, Australia (ID-2386).jpg'
INFO: 2020-11-02 17:41:16,217: prepare_thread() 'Prepared buffer contains 0 images'
INFO: 2020-11-02 17:41:16,217: prepare_thread() 'Preparing some images'
INFO: 2020-11-02 17:41:16,229: regular_change_thread() 'regular_change: waiting till user resumes'
INFO: 2020-11-02 17:41:16,230: get_throttling() 'Bing: parsing serverside options'
INFO: 2020-11-02 17:41:16,230: get_throttling() 'Could not parse Bing serverside options, using defaults None, None'
INFO: 2020-11-02 17:41:16,230: get_throttling() 'Bing: parsing serverside options'
INFO: 2020-11-02 17:41:16,230: get_throttling() 'Could not parse Bing serverside options, using defaults None, None'
INFO: 2020-11-02 17:41:16,231: download_one() 'Bing: Downloading an image, config: None'
INFO: 2020-11-02 17:41:16,231: download_one() 'Bing: Queue size: 0'
INFO: 2020-11-02 17:41:16,232: get_throttling() 'Bing: parsing serverside options'
INFO: 2020-11-02 17:41:16,232: get_throttling() 'Could not parse Bing serverside options, using defaults None, None'
INFO: 2020-11-02 17:41:16,232: download_one() 'Bing: Filling queue'
INFO: 2020-11-02 17:41:16,257: prepare_thread() 'After search prepared buffer contains 100 images'
INFO: 2020-11-02 17:41:16,257: prepare_thread() 'Prepared buffer contains 100 images'
INFO: 2020-11-02 17:41:16,329: do_set_wp() 'Calling do_set_wp with /home/saul/Pictures/wallpaper/Downloaded by Variety/Earth View/Burketown, Australia (ID-2386).jpg, time: 1604328076.3293273'
INFO: 2020-11-02 17:41:16,368: update_indicator() 'Setting file info to: /home/saul/Pictures/wallpaper/Downloaded by Variety/Earth View/Burketown, Australia (ID-2386).jpg'
INFO: 2020-11-02 17:41:16,689: download_one() 'Bing: Queue populated with 7 URLs'
INFO: 2020-11-02 17:41:16,690: save_locally() 'Origin URL: https://www.bing.com/search?q=basilica+del+voto+nacional&form=hpcapt&filters=HpDate%3a%2220201028_0700%22'
INFO: 2020-11-02 17:41:16,691: save_locally() 'Image URL: https://www.bing.com/th?id=OHR.BasilicaVoto_EN-US0798981928_1920x1080.jpg&rf=LaDigue_1920x1080.jpg&pid=hp'
INFO: 2020-11-02 17:41:16,691: save_locally() 'Local path: /home/saul/Pictures/wallpaper/Downloaded by Variety/Bing/OHR.BasilicaVoto_EN-US0798981928_1920x1080.jpg'
INFO: 2020-11-02 17:41:16,691: save_locally() 'File already exists, skip downloading'
INFO: 2020-11-02 17:41:17,693: get_throttling() 'Earth View: parsing serverside options'
INFO: 2020-11-02 17:41:17,694: get_throttling() 'Could not parse Earth View serverside options, using defaults 20, None'
INFO: 2020-11-02 17:41:17,694: get_throttling() 'Earth View: parsing serverside options'
INFO: 2020-11-02 17:41:17,694: get_throttling() 'Could not parse Earth View serverside options, using defaults 20, None'
INFO: 2020-11-02 17:41:17,694: download_one() 'Earth View: Downloading an image, config: None'
INFO: 2020-11-02 17:41:17,694: download_one() 'Earth View: Queue size: 0'
INFO: 2020-11-02 17:41:17,695: get_throttling() 'Earth View: parsing serverside options'
INFO: 2020-11-02 17:41:17,695: get_throttling() 'Could not parse Earth View serverside options, using defaults 20, None'
INFO: 2020-11-02 17:41:17,695: download_one() 'Earth View: Filling queue'
INFO: 2020-11-02 17:41:18,186: download_one() 'Earth View: Queue populated with 1511 URLs'
INFO: 2020-11-02 17:41:18,186: save_locally() 'Origin URL: https://earthview.withgoogle.com/2383'
INFO: 2020-11-02 17:41:18,187: save_locally() 'Image URL: https://www.gstatic.com/prettyearth/assets/full/2383.jpg'
INFO: 2020-11-02 17:41:18,187: save_locally() 'Local path: /home/saul/Pictures/wallpaper/Downloaded by Variety/Earth View/Windorah, Australia (ID-2383).jpg'
INFO: 2020-11-02 17:41:18,258: trigger_download() 'Triggering download thread to check if download needed'
INFO: 2020-11-02 17:41:18,258: trigger_download() 'Triggering download thread to check if download needed'
INFO: 2020-11-02 17:41:18,821: save_locally() 'Download complete'
INFO: 2020-11-02 17:41:18,822: update_indicator() 'Setting file info to: /home/saul/Pictures/wallpaper/Downloaded by Variety/Earth View/Burketown, Australia (ID-2386).jpg'
INFO: 2020-11-02 17:41:18,823: download_one_from() 'Adding downloaded file /home/saul/Pictures/wallpaper/Downloaded by Variety/Earth View/Windorah, Australia (ID-2383).jpg to unseen_downloads'
INFO: 2020-11-02 17:41:19,825: get_throttling() 'Earth View: parsing serverside options'
INFO: 2020-11-02 17:41:19,825: get_throttling() 'Could not parse Earth View serverside options, using defaults 20, None'
INFO: 2020-11-02 17:41:19,826: get_throttling() 'Earth View: parsing serverside options'
INFO: 2020-11-02 17:41:19,826: get_throttling() 'Could not parse Earth View serverside options, using defaults 20, None'
INFO: 2020-11-02 17:41:19,826: download_one() 'Earth View: Downloading an image, config: None'
INFO: 2020-11-02 17:41:19,826: download_one() 'Earth View: Queue size: 1510'
INFO: 2020-11-02 17:41:19,826: download_one() 'Earth View: Queue populated with 1510 URLs'
INFO: 2020-11-02 17:41:19,827: save_locally() 'Origin URL: https://earthview.withgoogle.com/1957'
INFO: 2020-11-02 17:41:19,827: save_locally() 'Image URL: https://www.gstatic.com/prettyearth/assets/full/1957.jpg'
INFO: 2020-11-02 17:41:19,827: save_locally() 'Local path: /home/saul/Pictures/wallpaper/Downloaded by Variety/Earth View/Djeniene Bourezg, Algeria (ID-1957).jpg'
INFO: 2020-11-02 17:41:20,547: save_locally() 'Download complete'
INFO: 2020-11-02 17:41:20,548: update_indicator() 'Setting file info to: /home/saul/Pictures/wallpaper/Downloaded by Variety/Earth View/Burketown, Australia (ID-2386).jpg'
INFO: 2020-11-02 17:41:20,552: download_one_from() 'Adding downloaded file /home/saul/Pictures/wallpaper/Downloaded by Variety/Earth View/Djeniene Bourezg, Algeria (ID-1957).jpg to unseen_downloads'
INFO: 2020-11-02 17:41:21,554: get_throttling() 'Earth View: parsing serverside options'
INFO: 2020-11-02 17:41:21,554: get_throttling() 'Could not parse Earth View serverside options, using defaults 20, None'
INFO: 2020-11-02 17:41:21,554: get_throttling() 'Earth View: parsing serverside options'
INFO: 2020-11-02 17:41:21,554: get_throttling() 'Could not parse Earth View serverside options, using defaults 20, None'
INFO: 2020-11-02 17:41:21,555: download_one() 'Earth View: Downloading an image, config: None'
INFO: 2020-11-02 17:41:21,555: download_one() 'Earth View: Queue size: 1509'
INFO: 2020-11-02 17:41:21,555: download_one() 'Earth View: Queue populated with 1509 URLs'
INFO: 2020-11-02 17:41:21,555: save_locally() 'Origin URL: https://earthview.withgoogle.com/2248'
INFO: 2020-11-02 17:41:21,556: save_locally() 'Image URL: https://www.gstatic.com/prettyearth/assets/full/2248.jpg'
INFO: 2020-11-02 17:41:21,556: save_locally() 'Local path: /home/saul/Pictures/wallpaper/Downloaded by Variety/Earth View/Telfer, Australia (ID-2248).jpg'
INFO: 2020-11-02 17:41:22,247: save_locally() 'Download complete'
INFO: 2020-11-02 17:41:22,248: update_indicator() 'Setting file info to: /home/saul/Pictures/wallpaper/Downloaded by Variety/Earth View/Burketown, Australia (ID-2386).jpg'
INFO: 2020-11-02 17:41:22,250: download_one_from() 'Adding downloaded file /home/saul/Pictures/wallpaper/Downloaded by Variety/Earth View/Telfer, Australia (ID-2248).jpg to unseen_downloads'
INFO: 2020-11-02 17:41:23,251: get_throttling() 'Earth View: parsing serverside options'
INFO: 2020-11-02 17:41:23,251: get_throttling() 'Could not parse Earth View serverside options, using defaults 20, None'
INFO: 2020-11-02 17:41:23,251: get_throttling() 'Earth View: parsing serverside options'
INFO: 2020-11-02 17:41:23,252: get_throttling() 'Could not parse Earth View serverside options, using defaults 20, None'
INFO: 2020-11-02 17:41:23,252: download_one() 'Earth View: Downloading an image, config: None'
INFO: 2020-11-02 17:41:23,252: download_one() 'Earth View: Queue size: 1508'
INFO: 2020-11-02 17:41:23,252: download_one() 'Earth View: Queue populated with 1508 URLs'
INFO: 2020-11-02 17:41:23,253: save_locally() 'Origin URL: https://earthview.withgoogle.com/2041'
INFO: 2020-11-02 17:41:23,253: save_locally() 'Image URL: https://www.gstatic.com/prettyearth/assets/full/2041.jpg'
INFO: 2020-11-02 17:41:23,253: save_locally() 'Local path: /home/saul/Pictures/wallpaper/Downloaded by Variety/Earth View/Amman, Jordan (ID-2041).jpg'
INFO: 2020-11-02 17:41:23,965: save_locally() 'Download complete'
INFO: 2020-11-02 17:41:23,965: update_indicator() 'Setting file info to: /home/saul/Pictures/wallpaper/Downloaded by Variety/Earth View/Burketown, Australia (ID-2386).jpg'
INFO: 2020-11-02 17:41:23,968: download_one_from() 'Adding downloaded file /home/saul/Pictures/wallpaper/Downloaded by Variety/Earth View/Amman, Jordan (ID-2041).jpg to unseen_downloads'
INFO: 2020-11-02 17:41:24,970: get_throttling() 'Earth View: parsing serverside options'
INFO: 2020-11-02 17:41:24,970: get_throttling() 'Could not parse Earth View serverside options, using defaults 20, None'
INFO: 2020-11-02 17:41:24,970: get_throttling() 'Earth View: parsing serverside options'
INFO: 2020-11-02 17:41:24,971: get_throttling() 'Could not parse Earth View serverside options, using defaults 20, None'
INFO: 2020-11-02 17:41:24,971: download_one() 'Earth View: Downloading an image, config: None'
INFO: 2020-11-02 17:41:24,971: download_one() 'Earth View: Queue size: 1507'
INFO: 2020-11-02 17:41:24,971: download_one() 'Earth View: Queue populated with 1507 URLs'
INFO: 2020-11-02 17:41:24,972: save_locally() 'Origin URL: https://earthview.withgoogle.com/2034'
INFO: 2020-11-02 17:41:24,972: save_locally() 'Image URL: https://www.gstatic.com/prettyearth/assets/full/2034.jpg'
INFO: 2020-11-02 17:41:24,972: save_locally() 'Local path: /home/saul/Pictures/wallpaper/Downloaded by Variety/Earth View/Breezanddijk, The Netherlands (ID-2034).jpg'
INFO: 2020-11-02 17:41:25,605: save_locally() 'Download complete'
INFO: 2020-11-02 17:41:25,605: update_indicator() 'Setting file info to: /home/saul/Pictures/wallpaper/Downloaded by Variety/Earth View/Burketown, Australia (ID-2386).jpg'
INFO: 2020-11-02 17:41:25,608: download_one_from() 'Adding downloaded file /home/saul/Pictures/wallpaper/Downloaded by Variety/Earth View/Breezanddijk, The Netherlands (ID-2034).jpg to unseen_downloads'
INFO: 2020-11-02 17:41:26,610: get_throttling() 'Earth View: parsing serverside options'
INFO: 2020-11-02 17:41:26,611: get_throttling() 'Could not parse Earth View serverside options, using defaults 20, None'
INFO: 2020-11-02 17:41:26,611: get_throttling() 'Earth View: parsing serverside options'
INFO: 2020-11-02 17:41:26,611: get_throttling() 'Could not parse Earth View serverside options, using defaults 20, None'
INFO: 2020-11-02 17:41:26,611: download_one() 'Earth View: Downloading an image, config: None'
INFO: 2020-11-02 17:41:26,612: download_one() 'Earth View: Queue size: 1506'
INFO: 2020-11-02 17:41:26,612: download_one() 'Earth View: Queue populated with 1506 URLs'
INFO: 2020-11-02 17:41:26,612: save_locally() 'Origin URL: https://earthview.withgoogle.com/1107'
INFO: 2020-11-02 17:41:26,612: save_locally() 'Image URL: https://www.gstatic.com/prettyearth/assets/full/1107.jpg'
INFO: 2020-11-02 17:41:26,613: save_locally() 'Local path: /home/saul/Pictures/wallpaper/Downloaded by Variety/Earth View/Fderik, Mauritania (ID-1107).jpg'
INFO: 2020-11-02 17:41:27,228: save_locally() 'Download complete'
INFO: 2020-11-02 17:41:27,228: update_indicator() 'Setting file info to: /home/saul/Pictures/wallpaper/Downloaded by Variety/Earth View/Burketown, Australia (ID-2386).jpg'
INFO: 2020-11-02 17:41:27,231: download_one_from() 'Adding downloaded file /home/saul/Pictures/wallpaper/Downloaded by Variety/Earth View/Fderik, Mauritania (ID-1107).jpg to unseen_downloads'
INFO: 2020-11-02 17:41:36,170: apply() 'Applying preferences'
INFO: 2020-11-02 17:41:36,192: log_options() 'Loaded options:'
INFO: 2020-11-02 17:41:36,192: log_options() 'change_enabled = False'
INFO: 2020-11-02 17:41:36,192: log_options() 'change_interval = 300'
INFO: 2020-11-02 17:41:36,192: log_options() 'change_on_start = False'
INFO: 2020-11-02 17:41:36,193: log_options() 'clipboard_enabled = False'
INFO: 2020-11-02 17:41:36,193: log_options() 'clipboard_hosts = ['wallhaven.cc', 'ns223506.ovh.net', 'wallpapers.net', 'flickr.com', 'imgur.com', 'deviantart.com', 'interfacelift.com', 'vladstudio.com', 'imageshack.us']'
INFO: 2020-11-02 17:41:36,193: log_options() 'clipboard_use_whitelist = True'
INFO: 2020-11-02 17:41:36,193: log_options() 'clock_date_font = Ubuntu Condensed, 30'
INFO: 2020-11-02 17:41:36,193: log_options() 'clock_enabled = False'
INFO: 2020-11-02 17:41:36,193: log_options() 'clock_filter = -density 100 -font `fc-match -f '%{file[0]}' '%CLOCK_FONT_NAME'` -pointsize %CLOCK_FONT_SIZE -gravity SouthEast -fill '#00000044' -annotate 0x0+[%HOFFSET+58]+[%VOFFSET+108] '%H:%M' -fill white -annotate 0x0+[%HOFFSET+60]+[%VOFFSET+110] '%H:%M' -font `fc-match -f '%{file[0]}' '%DATE_FONT_NAME'` -pointsize %DATE_FONT_SIZE -fill '#00000044' -annotate 0x0+[%HOFFSET+58]+[%VOFFSET+58] '%A, %B %d' -fill white -annotate 0x0+[%HOFFSET+60]+[%VOFFSET+60] '%A, %B %d''
INFO: 2020-11-02 17:41:36,193: log_options() 'clock_font = Ubuntu Condensed, 70'
INFO: 2020-11-02 17:41:36,194: log_options() 'configfile = /home/saul/.config/variety/variety.conf'
INFO: 2020-11-02 17:41:36,194: log_options() 'copyto_enabled = False'
INFO: 2020-11-02 17:41:36,194: log_options() 'copyto_folder = Default'
INFO: 2020-11-02 17:41:36,194: log_options() 'desired_color = [160, 160, 160]'
INFO: 2020-11-02 17:41:36,194: log_options() 'desired_color_enabled = False'
INFO: 2020-11-02 17:41:36,194: log_options() 'download_folder = /home/saul/Pictures/wallpaper'
INFO: 2020-11-02 17:41:36,195: log_options() 'download_preference_ratio = 0.9'
INFO: 2020-11-02 17:41:36,195: log_options() 'favorites_folder = /home/saul/.config/variety/Favorites'
INFO: 2020-11-02 17:41:36,195: log_options() 'favorites_operations = [['Downloaded', 'Copy'], ['Fetched', 'Move'], ['Others', 'Copy']]'
INFO: 2020-11-02 17:41:36,195: log_options() 'fetched_folder = /home/saul/.config/variety/Fetched'
INFO: 2020-11-02 17:41:36,195: log_options() 'filters = [[False, 'Keep original', ''], [False, 'Grayscale', '-type Grayscale'], [False, 'Heavy blur', '-blur 120x40'], [False, 'Soft blur', '-blur 20x7'], [False, 'Oil painting', '-paint 8'], [False, 'Pencil sketch', '-colorspace gray \\( +clone -tile ~/.config/variety/pencil_tile.png -draw "color 0,0 reset" +clone +swap -compose color_dodge -composite \\) -fx \'u*.2+v*.8\''], [False, 'Pointilism', '-spread 10 -noise 3'], [False, 'Pixellate', '-scale 3% -scale 3333%']]'
INFO: 2020-11-02 17:41:36,195: log_options() 'icon = None'
INFO: 2020-11-02 17:41:36,195: log_options() 'lightness_enabled = False'
INFO: 2020-11-02 17:41:36,196: log_options() 'lightness_mode = 0'
INFO: 2020-11-02 17:41:36,196: log_options() 'min_rating = 4'
INFO: 2020-11-02 17:41:36,196: log_options() 'min_rating_enabled = False'
INFO: 2020-11-02 17:41:36,196: log_options() 'min_size = 80'
INFO: 2020-11-02 17:41:36,196: log_options() 'min_size_enabled = False'
INFO: 2020-11-02 17:41:36,196: log_options() 'quota_enabled = False'
INFO: 2020-11-02 17:41:36,196: log_options() 'quota_size = 500'
INFO: 2020-11-02 17:41:36,197: log_options() 'quotes_authors = '
INFO: 2020-11-02 17:41:36,197: log_options() 'quotes_bg_color = [80, 80, 80]'
INFO: 2020-11-02 17:41:36,197: log_options() 'quotes_bg_opacity = 55'
INFO: 2020-11-02 17:41:36,197: log_options() 'quotes_change_enabled = False'
INFO: 2020-11-02 17:41:36,197: log_options() 'quotes_change_interval = 300'
INFO: 2020-11-02 17:41:36,197: log_options() 'quotes_disabled_sources = ['Urban Dictionary']'
INFO: 2020-11-02 17:41:36,197: log_options() 'quotes_enabled = False'
INFO: 2020-11-02 17:41:36,197: log_options() 'quotes_favorites_file = /home/saul/.config/variety/favorite_quotes.txt'
INFO: 2020-11-02 17:41:36,198: log_options() 'quotes_font = Bitstream Charter 30'
INFO: 2020-11-02 17:41:36,198: log_options() 'quotes_hpos = 100'
INFO: 2020-11-02 17:41:36,198: log_options() 'quotes_max_length = 250'
INFO: 2020-11-02 17:41:36,198: log_options() 'quotes_tags = '
INFO: 2020-11-02 17:41:36,198: log_options() 'quotes_text_color = [255, 255, 255]'
INFO: 2020-11-02 17:41:36,198: log_options() 'quotes_text_shadow = False'
INFO: 2020-11-02 17:41:36,198: log_options() 'quotes_vpos = 40'
INFO: 2020-11-02 17:41:36,199: log_options() 'quotes_width = 70'
INFO: 2020-11-02 17:41:36,199: log_options() 'safe_mode = False'
INFO: 2020-11-02 17:41:36,199: log_options() 'slideshow_custom_enabled = False'
INFO: 2020-11-02 17:41:36,199: log_options() 'slideshow_custom_folder = /home/saul/Pictures'
INFO: 2020-11-02 17:41:36,199: log_options() 'slideshow_downloads_enabled = False'
INFO: 2020-11-02 17:41:36,199: log_options() 'slideshow_fade = 0.4'
INFO: 2020-11-02 17:41:36,199: log_options() 'slideshow_favorites_enabled = True'
INFO: 2020-11-02 17:41:36,200: log_options() 'slideshow_mode = Fullscreen'
INFO: 2020-11-02 17:41:36,200: log_options() 'slideshow_monitor = All'
INFO: 2020-11-02 17:41:36,200: log_options() 'slideshow_pan = 0.05'
INFO: 2020-11-02 17:41:36,200: log_options() 'slideshow_seconds = 6.0'
INFO: 2020-11-02 17:41:36,200: log_options() 'slideshow_sort_order = Random'
INFO: 2020-11-02 17:41:36,200: log_options() 'slideshow_sources_enabled = True'
INFO: 2020-11-02 17:41:36,200: log_options() 'slideshow_zoom = 0.2'
INFO: 2020-11-02 17:41:36,200: log_options() 'smart_enabled = False'
INFO: 2020-11-02 17:41:36,201: log_options() 'smart_notice_shown = False'
INFO: 2020-11-02 17:41:36,201: log_options() 'smart_register_shown = False'
INFO: 2020-11-02 17:41:36,201: log_options() 'sources = [[False, 'favorites', 'The Favorites folder'], [False, 'fetched', 'The Fetched folder'], [False, 'folder', '/usr/share/backgrounds'], [True, 'bing', 'Bing Photo of the Day'], [False, 'unsplash', 'High-resolution photos from Unsplash.com'], [False, 'apod', "NASA's Astronomy Picture of the Day"], [False, 'flickr', 'user:www.flickr.com/photos/peter-levi/;user_id:93647178@N00;'], [True, 'earthview', 'Google Earth View Wallpapers'], [False, 'desktoppr', 'Random wallpapers from Desktoppr.co'], [True, 'chromeos', 'Chrome OS Wallpapers']]'
INFO: 2020-11-02 17:41:36,201: log_options() 'stats_enabled = True'
INFO: 2020-11-02 17:41:36,201: log_options() 'stats_notice_shown = False'
INFO: 2020-11-02 17:41:36,201: log_options() 'sync_enabled = True'
INFO: 2020-11-02 17:41:36,202: log_options() 'use_landscape_enabled = True'
INFO: 2020-11-02 17:41:36,202: reload_config() 'No need to clear prepared queue'
INFO: 2020-11-02 17:41:36,202: update_indicator() 'Setting file info to: /home/saul/Pictures/wallpaper/Downloaded by Variety/Earth View/Burketown, Australia (ID-2386).jpg'
INFO: 2020-11-02 17:41:36,208: prepare_thread() 'Prepared buffer contains 100 images'
INFO: 2020-11-02 17:41:36,208: update_autostart() 'Removing autostart entry'
INFO: 2020-11-02 17:41:36,209: regular_change_thread() 'regular_change: waiting till user resumes'
INFO: 2020-11-02 17:41:36,308: do_set_wp() 'Calling do_set_wp with /home/saul/Pictures/wallpaper/Downloaded by Variety/Earth View/Burketown, Australia (ID-2386).jpg, time: 1604328096.3085415'
INFO: 2020-11-02 17:41:36,355: update_indicator() 'Setting file info to: /home/saul/Pictures/wallpaper/Downloaded by Variety/Earth View/Burketown, Australia (ID-2386).jpg'
INFO: 2020-11-02 17:41:38,209: trigger_download() 'Triggering download thread to check if download needed'
INFO: 2020-11-02 17:42:35,775: apply() 'Applying preferences'
INFO: 2020-11-02 17:42:35,785: log_options() 'Loaded options:'
INFO: 2020-11-02 17:42:35,785: log_options() 'change_enabled = False'
INFO: 2020-11-02 17:42:35,785: log_options() 'change_interval = 300'
INFO: 2020-11-02 17:42:35,785: log_options() 'change_on_start = False'
INFO: 2020-11-02 17:42:35,785: log_options() 'clipboard_enabled = False'
INFO: 2020-11-02 17:42:35,785: log_options() 'clipboard_hosts = ['wallhaven.cc', 'ns223506.ovh.net', 'wallpapers.net', 'flickr.com', 'imgur.com', 'deviantart.com', 'interfacelift.com', 'vladstudio.com', 'imageshack.us']'
INFO: 2020-11-02 17:42:35,785: log_options() 'clipboard_use_whitelist = True'
INFO: 2020-11-02 17:42:35,785: log_options() 'clock_date_font = Ubuntu Condensed, 30'
INFO: 2020-11-02 17:42:35,785: log_options() 'clock_enabled = False'
INFO: 2020-11-02 17:42:35,785: log_options() 'clock_filter = -density 100 -font `fc-match -f '%{file[0]}' '%CLOCK_FONT_NAME'` -pointsize %CLOCK_FONT_SIZE -gravity SouthEast -fill '#00000044' -annotate 0x0+[%HOFFSET+58]+[%VOFFSET+108] '%H:%M' -fill white -annotate 0x0+[%HOFFSET+60]+[%VOFFSET+110] '%H:%M' -font `fc-match -f '%{file[0]}' '%DATE_FONT_NAME'` -pointsize %DATE_FONT_SIZE -fill '#00000044' -annotate 0x0+[%HOFFSET+58]+[%VOFFSET+58] '%A, %B %d' -fill white -annotate 0x0+[%HOFFSET+60]+[%VOFFSET+60] '%A, %B %d''
INFO: 2020-11-02 17:42:35,785: log_options() 'clock_font = Ubuntu Condensed, 70'
INFO: 2020-11-02 17:42:35,785: log_options() 'configfile = /home/saul/.config/variety/variety.conf'
INFO: 2020-11-02 17:42:35,785: log_options() 'copyto_enabled = False'
INFO: 2020-11-02 17:42:35,785: log_options() 'copyto_folder = Default'
INFO: 2020-11-02 17:42:35,785: log_options() 'desired_color = [160, 160, 160]'
INFO: 2020-11-02 17:42:35,785: log_options() 'desired_color_enabled = False'
INFO: 2020-11-02 17:42:35,785: log_options() 'download_folder = /home/saul/Pictures/wallpaper'
INFO: 2020-11-02 17:42:35,786: log_options() 'download_preference_ratio = 0.9'
INFO: 2020-11-02 17:42:35,786: log_options() 'favorites_folder = /home/saul/.config/variety/Favorites'
INFO: 2020-11-02 17:42:35,786: log_options() 'favorites_operations = [['Downloaded', 'Copy'], ['Fetched', 'Move'], ['Others', 'Copy']]'
INFO: 2020-11-02 17:42:35,786: log_options() 'fetched_folder = /home/saul/.config/variety/Fetched'
INFO: 2020-11-02 17:42:35,786: log_options() 'filters = [[False, 'Keep original', ''], [False, 'Grayscale', '-type Grayscale'], [False, 'Heavy blur', '-blur 120x40'], [False, 'Soft blur', '-blur 20x7'], [False, 'Oil painting', '-paint 8'], [False, 'Pencil sketch', '-colorspace gray \\( +clone -tile ~/.config/variety/pencil_tile.png -draw "color 0,0 reset" +clone +swap -compose color_dodge -composite \\) -fx \'u*.2+v*.8\''], [False, 'Pointilism', '-spread 10 -noise 3'], [False, 'Pixellate', '-scale 3% -scale 3333%']]'
INFO: 2020-11-02 17:42:35,786: log_options() 'icon = None'
INFO: 2020-11-02 17:42:35,786: log_options() 'lightness_enabled = False'
INFO: 2020-11-02 17:42:35,786: log_options() 'lightness_mode = 0'
INFO: 2020-11-02 17:42:35,786: log_options() 'min_rating = 4'
INFO: 2020-11-02 17:42:35,786: log_options() 'min_rating_enabled = False'
INFO: 2020-11-02 17:42:35,786: log_options() 'min_size = 80'
INFO: 2020-11-02 17:42:35,786: log_options() 'min_size_enabled = False'
INFO: 2020-11-02 17:42:35,786: log_options() 'quota_enabled = False'
INFO: 2020-11-02 17:42:35,786: log_options() 'quota_size = 500'
INFO: 2020-11-02 17:42:35,786: log_options() 'quotes_authors = '
INFO: 2020-11-02 17:42:35,786: log_options() 'quotes_bg_color = [80, 80, 80]'
INFO: 2020-11-02 17:42:35,786: log_options() 'quotes_bg_opacity = 55'
INFO: 2020-11-02 17:42:35,786: log_options() 'quotes_change_enabled = False'
INFO: 2020-11-02 17:42:35,786: log_options() 'quotes_change_interval = 300'
INFO: 2020-11-02 17:42:35,786: log_options() 'quotes_disabled_sources = ['Urban Dictionary']'
INFO: 2020-11-02 17:42:35,786: log_options() 'quotes_enabled = False'
INFO: 2020-11-02 17:42:35,786: log_options() 'quotes_favorites_file = /home/saul/.config/variety/favorite_quotes.txt'
INFO: 2020-11-02 17:42:35,786: log_options() 'quotes_font = Bitstream Charter 30'
INFO: 2020-11-02 17:42:35,786: log_options() 'quotes_hpos = 100'
INFO: 2020-11-02 17:42:35,786: log_options() 'quotes_max_length = 250'
INFO: 2020-11-02 17:42:35,786: log_options() 'quotes_tags = '
INFO: 2020-11-02 17:42:35,787: log_options() 'quotes_text_color = [255, 255, 255]'
INFO: 2020-11-02 17:42:35,787: log_options() 'quotes_text_shadow = False'
INFO: 2020-11-02 17:42:35,787: log_options() 'quotes_vpos = 40'
INFO: 2020-11-02 17:42:35,787: log_options() 'quotes_width = 70'
INFO: 2020-11-02 17:42:35,787: log_options() 'safe_mode = False'
INFO: 2020-11-02 17:42:35,787: log_options() 'slideshow_custom_enabled = False'
INFO: 2020-11-02 17:42:35,787: log_options() 'slideshow_custom_folder = /home/saul/Pictures'
INFO: 2020-11-02 17:42:35,787: log_options() 'slideshow_downloads_enabled = False'
INFO: 2020-11-02 17:42:35,787: log_options() 'slideshow_fade = 0.4'
INFO: 2020-11-02 17:42:35,787: log_options() 'slideshow_favorites_enabled = True'
INFO: 2020-11-02 17:42:35,787: log_options() 'slideshow_mode = Fullscreen'
INFO: 2020-11-02 17:42:35,787: log_options() 'slideshow_monitor = All'
INFO: 2020-11-02 17:42:35,787: log_options() 'slideshow_pan = 0.05'
INFO: 2020-11-02 17:42:35,787: log_options() 'slideshow_seconds = 6.0'
INFO: 2020-11-02 17:42:35,787: log_options() 'slideshow_sort_order = Random'
INFO: 2020-11-02 17:42:35,787: log_options() 'slideshow_sources_enabled = True'
INFO: 2020-11-02 17:42:35,787: log_options() 'slideshow_zoom = 0.2'
INFO: 2020-11-02 17:42:35,787: log_options() 'smart_enabled = False'
INFO: 2020-11-02 17:42:35,787: log_options() 'smart_notice_shown = False'
INFO: 2020-11-02 17:42:35,787: log_options() 'smart_register_shown = False'
INFO: 2020-11-02 17:42:35,787: log_options() 'sources = [[False, 'favorites', 'The Favorites folder'], [False, 'fetched', 'The Fetched folder'], [False, 'folder', '/usr/share/backgrounds'], [False, 'bing', 'Bing Photo of the Day'], [False, 'unsplash', 'High-resolution photos from Unsplash.com'], [False, 'apod', "NASA's Astronomy Picture of the Day"], [False, 'flickr', 'user:www.flickr.com/photos/peter-levi/;user_id:93647178@N00;'], [True, 'earthview', 'Google Earth View Wallpapers'], [False, 'desktoppr', 'Random wallpapers from Desktoppr.co'], [True, 'chromeos', 'Chrome OS Wallpapers']]'
INFO: 2020-11-02 17:42:35,787: log_options() 'stats_enabled = True'
INFO: 2020-11-02 17:42:35,787: log_options() 'stats_notice_shown = False'
INFO: 2020-11-02 17:42:35,787: log_options() 'sync_enabled = True'
INFO: 2020-11-02 17:42:35,787: log_options() 'use_landscape_enabled = True'
INFO: 2020-11-02 17:42:35,787: clear_prepared_queue() 'Clearing prepared queue'
INFO: 2020-11-02 17:42:35,787: update_indicator() 'Setting file info to: /home/saul/Pictures/wallpaper/Downloaded by Variety/Earth View/Burketown, Australia (ID-2386).jpg'
INFO: 2020-11-02 17:42:35,788: prepare_thread() 'Prepared buffer contains 0 images'
INFO: 2020-11-02 17:42:35,788: prepare_thread() 'Preparing some images'
INFO: 2020-11-02 17:42:35,790: regular_change_thread() 'regular_change: waiting till user resumes'
INFO: 2020-11-02 17:42:35,799: prepare_thread() 'After search prepared buffer contains 81 images'
INFO: 2020-11-02 17:42:35,799: prepare_thread() 'Prepared buffer contains 81 images'
INFO: 2020-11-02 17:42:35,891: do_set_wp() 'Calling do_set_wp with /home/saul/Pictures/wallpaper/Downloaded by Variety/Earth View/Burketown, Australia (ID-2386).jpg, time: 1604328155.8914108'
INFO: 2020-11-02 17:42:35,910: update_indicator() 'Setting file info to: /home/saul/Pictures/wallpaper/Downloaded by Variety/Earth View/Burketown, Australia (ID-2386).jpg'
INFO: 2020-11-02 17:42:35,979: list_files() 'More than 1 files in the folders, stop listing'
ERROR: 2020-11-02 17:42:35,981: load_options() 'Missing or bad thumbs_limit option in ui.conf'
Traceback (most recent call last):
  File "/usr/lib/python3.8/site-packages/variety/ThumbsManager.py", line 418, in load_options
    if config["thumbs_limit"] != self.UNLIMITED
  File "/usr/lib/python3.8/site-packages/configobj.py", line 554, in __getitem__
    val = dict.__getitem__(self, key)
KeyError: 'thumbs_limit'
INFO: 2020-11-02 17:42:37,799: trigger_download() 'Triggering download thread to check if download needed'
INFO: 2020-11-02 17:42:37,800: trigger_download() 'Triggering download thread to check if download needed'
INFO: 2020-11-02 17:42:38,014: set_wallpaper() 'Calling set_wallpaper with /home/saul/Pictures/wallpaper/Downloaded by Variety/Bing/OHR.LaPertusa_EN-US1363532007_1920x1080.jpg'
INFO: 2020-11-02 17:42:38,014: do_set_wp() 'Calling do_set_wp with /home/saul/Pictures/wallpaper/Downloaded by Variety/Bing/OHR.LaPertusa_EN-US1363532007_1920x1080.jpg, time: 1604328158.014988'
INFO: 2020-11-02 17:42:38,030: update_indicator() 'Setting file info to: /home/saul/Pictures/wallpaper/Downloaded by Variety/Bing/OHR.LaPertusa_EN-US1363532007_1920x1080.jpg'
INFO: 2020-11-02 17:42:43,987: update_indicator() 'Setting file info to: /home/saul/Pictures/wallpaper/Downloaded by Variety/Bing/OHR.LaPertusa_EN-US1363532007_1920x1080.jpg'
INFO: 2020-11-02 17:42:45,943: trigger_download() 'Triggering download thread to check if download needed'
INFO: 2020-11-02 17:42:46,042: apply() 'Applying preferences'
INFO: 2020-11-02 17:42:46,065: log_options() 'Loaded options:'
INFO: 2020-11-02 17:42:46,066: log_options() 'change_enabled = False'
INFO: 2020-11-02 17:42:46,066: log_options() 'change_interval = 300'
INFO: 2020-11-02 17:42:46,066: log_options() 'change_on_start = False'
INFO: 2020-11-02 17:42:46,066: log_options() 'clipboard_enabled = False'
INFO: 2020-11-02 17:42:46,066: log_options() 'clipboard_hosts = ['wallhaven.cc', 'ns223506.ovh.net', 'wallpapers.net', 'flickr.com', 'imgur.com', 'deviantart.com', 'interfacelift.com', 'vladstudio.com', 'imageshack.us']'
INFO: 2020-11-02 17:42:46,066: log_options() 'clipboard_use_whitelist = True'
INFO: 2020-11-02 17:42:46,067: log_options() 'clock_date_font = Ubuntu Condensed, 30'
INFO: 2020-11-02 17:42:46,067: log_options() 'clock_enabled = False'
INFO: 2020-11-02 17:42:46,067: log_options() 'clock_filter = -density 100 -font `fc-match -f '%{file[0]}' '%CLOCK_FONT_NAME'` -pointsize %CLOCK_FONT_SIZE -gravity SouthEast -fill '#00000044' -annotate 0x0+[%HOFFSET+58]+[%VOFFSET+108] '%H:%M' -fill white -annotate 0x0+[%HOFFSET+60]+[%VOFFSET+110] '%H:%M' -font `fc-match -f '%{file[0]}' '%DATE_FONT_NAME'` -pointsize %DATE_FONT_SIZE -fill '#00000044' -annotate 0x0+[%HOFFSET+58]+[%VOFFSET+58] '%A, %B %d' -fill white -annotate 0x0+[%HOFFSET+60]+[%VOFFSET+60] '%A, %B %d''
INFO: 2020-11-02 17:42:46,067: log_options() 'clock_font = Ubuntu Condensed, 70'
INFO: 2020-11-02 17:42:46,067: log_options() 'configfile = /home/saul/.config/variety/variety.conf'
INFO: 2020-11-02 17:42:46,067: log_options() 'copyto_enabled = False'
INFO: 2020-11-02 17:42:46,067: log_options() 'copyto_folder = Default'
INFO: 2020-11-02 17:42:46,068: log_options() 'desired_color = [160, 160, 160]'
INFO: 2020-11-02 17:42:46,068: log_options() 'desired_color_enabled = False'
INFO: 2020-11-02 17:42:46,068: log_options() 'download_folder = /home/saul/Pictures/wallpaper'
INFO: 2020-11-02 17:42:46,068: log_options() 'download_preference_ratio = 0.9'
INFO: 2020-11-02 17:42:46,068: log_options() 'favorites_folder = /home/saul/.config/variety/Favorites'
INFO: 2020-11-02 17:42:46,068: log_options() 'favorites_operations = [['Downloaded', 'Copy'], ['Fetched', 'Move'], ['Others', 'Copy']]'
INFO: 2020-11-02 17:42:46,069: log_options() 'fetched_folder = /home/saul/.config/variety/Fetched'
INFO: 2020-11-02 17:42:46,069: log_options() 'filters = [[False, 'Keep original', ''], [False, 'Grayscale', '-type Grayscale'], [False, 'Heavy blur', '-blur 120x40'], [False, 'Soft blur', '-blur 20x7'], [False, 'Oil painting', '-paint 8'], [False, 'Pencil sketch', '-colorspace gray \\( +clone -tile ~/.config/variety/pencil_tile.png -draw "color 0,0 reset" +clone +swap -compose color_dodge -composite \\) -fx \'u*.2+v*.8\''], [False, 'Pointilism', '-spread 10 -noise 3'], [False, 'Pixellate', '-scale 3% -scale 3333%']]'
INFO: 2020-11-02 17:42:46,069: log_options() 'icon = None'
INFO: 2020-11-02 17:42:46,069: log_options() 'lightness_enabled = False'
INFO: 2020-11-02 17:42:46,070: log_options() 'lightness_mode = 0'
INFO: 2020-11-02 17:42:46,070: log_options() 'min_rating = 4'
INFO: 2020-11-02 17:42:46,070: log_options() 'min_rating_enabled = False'
INFO: 2020-11-02 17:42:46,070: log_options() 'min_size = 80'
INFO: 2020-11-02 17:42:46,071: log_options() 'min_size_enabled = False'
INFO: 2020-11-02 17:42:46,071: log_options() 'quota_enabled = False'
INFO: 2020-11-02 17:42:46,071: log_options() 'quota_size = 500'
INFO: 2020-11-02 17:42:46,071: log_options() 'quotes_authors = '
INFO: 2020-11-02 17:42:46,072: log_options() 'quotes_bg_color = [80, 80, 80]'
INFO: 2020-11-02 17:42:46,072: log_options() 'quotes_bg_opacity = 55'
INFO: 2020-11-02 17:42:46,072: log_options() 'quotes_change_enabled = False'
INFO: 2020-11-02 17:42:46,072: log_options() 'quotes_change_interval = 300'
INFO: 2020-11-02 17:42:46,072: log_options() 'quotes_disabled_sources = ['Urban Dictionary']'
INFO: 2020-11-02 17:42:46,072: log_options() 'quotes_enabled = False'
INFO: 2020-11-02 17:42:46,073: log_options() 'quotes_favorites_file = /home/saul/.config/variety/favorite_quotes.txt'
INFO: 2020-11-02 17:42:46,073: log_options() 'quotes_font = Bitstream Charter 30'
INFO: 2020-11-02 17:42:46,073: log_options() 'quotes_hpos = 100'
INFO: 2020-11-02 17:42:46,073: log_options() 'quotes_max_length = 250'
INFO: 2020-11-02 17:42:46,073: log_options() 'quotes_tags = '
INFO: 2020-11-02 17:42:46,073: log_options() 'quotes_text_color = [255, 255, 255]'
INFO: 2020-11-02 17:42:46,073: log_options() 'quotes_text_shadow = False'
INFO: 2020-11-02 17:42:46,074: log_options() 'quotes_vpos = 40'
INFO: 2020-11-02 17:42:46,074: log_options() 'quotes_width = 70'
INFO: 2020-11-02 17:42:46,074: log_options() 'safe_mode = False'
INFO: 2020-11-02 17:42:46,074: log_options() 'slideshow_custom_enabled = False'
INFO: 2020-11-02 17:42:46,074: log_options() 'slideshow_custom_folder = /home/saul/Pictures'
INFO: 2020-11-02 17:42:46,074: log_options() 'slideshow_downloads_enabled = False'
INFO: 2020-11-02 17:42:46,074: log_options() 'slideshow_fade = 0.4'
INFO: 2020-11-02 17:42:46,075: log_options() 'slideshow_favorites_enabled = True'
INFO: 2020-11-02 17:42:46,075: log_options() 'slideshow_mode = Fullscreen'
INFO: 2020-11-02 17:42:46,075: log_options() 'slideshow_monitor = All'
INFO: 2020-11-02 17:42:46,075: log_options() 'slideshow_pan = 0.05'
INFO: 2020-11-02 17:42:46,075: log_options() 'slideshow_seconds = 6.0'
INFO: 2020-11-02 17:42:46,075: log_options() 'slideshow_sort_order = Random'
INFO: 2020-11-02 17:42:46,075: log_options() 'slideshow_sources_enabled = True'
INFO: 2020-11-02 17:42:46,076: log_options() 'slideshow_zoom = 0.2'
INFO: 2020-11-02 17:42:46,076: log_options() 'smart_enabled = False'
INFO: 2020-11-02 17:42:46,076: log_options() 'smart_notice_shown = False'
INFO: 2020-11-02 17:42:46,076: log_options() 'smart_register_shown = False'
INFO: 2020-11-02 17:42:46,076: log_options() 'sources = [[False, 'favorites', 'The Favorites folder'], [False, 'fetched', 'The Fetched folder'], [False, 'folder', '/usr/share/backgrounds'], [False, 'bing', 'Bing Photo of the Day'], [False, 'unsplash', 'High-resolution photos from Unsplash.com'], [False, 'apod', "NASA's Astronomy Picture of the Day"], [False, 'flickr', 'user:www.flickr.com/photos/peter-levi/;user_id:93647178@N00;'], [True, 'earthview', 'Google Earth View Wallpapers'], [False, 'desktoppr', 'Random wallpapers from Desktoppr.co'], [True, 'chromeos', 'Chrome OS Wallpapers']]'
INFO: 2020-11-02 17:42:46,076: log_options() 'stats_enabled = True'
INFO: 2020-11-02 17:42:46,076: log_options() 'stats_notice_shown = False'
INFO: 2020-11-02 17:42:46,077: log_options() 'sync_enabled = True'
INFO: 2020-11-02 17:42:46,077: log_options() 'use_landscape_enabled = True'
INFO: 2020-11-02 17:42:46,077: reload_config() 'No need to clear prepared queue'
INFO: 2020-11-02 17:42:46,077: update_indicator() 'Setting file info to: /home/saul/Pictures/wallpaper/Downloaded by Variety/Bing/OHR.LaPertusa_EN-US1363532007_1920x1080.jpg'
INFO: 2020-11-02 17:42:46,081: regular_change_thread() 'regular_change: waiting till user resumes'
INFO: 2020-11-02 17:42:46,082: prepare_thread() 'Prepared buffer contains 81 images'
INFO: 2020-11-02 17:42:46,181: do_set_wp() 'Calling do_set_wp with /home/saul/Pictures/wallpaper/Downloaded by Variety/Bing/OHR.LaPertusa_EN-US1363532007_1920x1080.jpg, time: 1604328166.1818037'
INFO: 2020-11-02 17:42:46,230: update_indicator() 'Setting file info to: /home/saul/Pictures/wallpaper/Downloaded by Variety/Bing/OHR.LaPertusa_EN-US1363532007_1920x1080.jpg'
INFO: 2020-11-02 17:42:48,083: trigger_download() 'Triggering download thread to check if download needed'
INFO: 2020-11-02 17:43:36,366: process_command() 'Received command: ['--preferences']'
INFO: 2020-11-02 17:43:36,369: reload() 'Reloading preferences dialog'
INFO: 2020-11-02 17:46:31,294: list_files() 'More than 1 files in the folders, stop listing'
INFO: 2020-11-02 17:46:35,903: set_wallpaper() 'Calling set_wallpaper with /home/saul/Pictures/wallpaper/Downloaded by Variety/Earth View/Antarctica (ID-1159).jpg'
INFO: 2020-11-02 17:46:35,904: do_set_wp() 'Calling do_set_wp with /home/saul/Pictures/wallpaper/Downloaded by Variety/Earth View/Antarctica (ID-1159).jpg, time: 1604328395.9048524'
INFO: 2020-11-02 17:46:35,944: update_indicator() 'Setting file info to: /home/saul/Pictures/wallpaper/Downloaded by Variety/Earth View/Antarctica (ID-1159).jpg'
INFO: 2020-11-02 17:46:43,518: set_wallpaper() 'Calling set_wallpaper with /home/saul/Pictures/wallpaper/Downloaded by Variety/Earth View/Mariscal Nieto Province, Peru (ID-1099).jpg'
INFO: 2020-11-02 17:46:43,519: do_set_wp() 'Calling do_set_wp with /home/saul/Pictures/wallpaper/Downloaded by Variety/Earth View/Mariscal Nieto Province, Peru (ID-1099).jpg, time: 1604328403.5194712'
INFO: 2020-11-02 17:46:43,564: update_indicator() 'Setting file info to: /home/saul/Pictures/wallpaper/Downloaded by Variety/Earth View/Mariscal Nieto Province, Peru (ID-1099).jpg'
INFO: 2020-11-02 17:46:44,205: set_wallpaper() 'Calling set_wallpaper with /home/saul/Pictures/wallpaper/Downloaded by Variety/Earth View/Laneuveville-devant-Nancy, France (ID-5310).jpg'
INFO: 2020-11-02 17:46:44,520: do_set_wp() 'Calling do_set_wp with /home/saul/Pictures/wallpaper/Downloaded by Variety/Earth View/Laneuveville-devant-Nancy, France (ID-5310).jpg, time: 1604328404.5200515'
INFO: 2020-11-02 17:46:44,571: update_indicator() 'Setting file info to: /home/saul/Pictures/wallpaper/Downloaded by Variety/Earth View/Laneuveville-devant-Nancy, France (ID-5310).jpg'
INFO: 2020-11-02 17:46:44,866: set_wallpaper() 'Calling set_wallpaper with /home/saul/Pictures/wallpaper/Downloaded by Variety/Earth View/Al-Qa'im, Iraq (ID-2016).jpg'
INFO: 2020-11-02 17:46:45,507: set_wallpaper() 'Calling set_wallpaper with /home/saul/Pictures/wallpaper/Downloaded by Variety/Earth View/Puno, Peru (ID-5460).jpg'
INFO: 2020-11-02 17:46:45,520: do_set_wp() 'Calling do_set_wp with /home/saul/Pictures/wallpaper/Downloaded by Variety/Earth View/Puno, Peru (ID-5460).jpg, time: 1604328405.5207453'
INFO: 2020-11-02 17:46:45,553: update_indicator() 'Setting file info to: /home/saul/Pictures/wallpaper/Downloaded by Variety/Earth View/Puno, Peru (ID-5460).jpg'
INFO: 2020-11-02 17:46:46,542: update_indicator() 'Setting file info to: /home/saul/Pictures/wallpaper/Downloaded by Variety/Earth View/Puno, Peru (ID-5460).jpg'
INFO: 2020-11-02 17:47:18,671: apply() 'Applying preferences'
INFO: 2020-11-02 17:47:18,691: log_options() 'Loaded options:'
INFO: 2020-11-02 17:47:18,691: log_options() 'change_enabled = False'
INFO: 2020-11-02 17:47:18,691: log_options() 'change_interval = 300'
INFO: 2020-11-02 17:47:18,691: log_options() 'change_on_start = False'
INFO: 2020-11-02 17:47:18,691: log_options() 'clipboard_enabled = False'
INFO: 2020-11-02 17:47:18,691: log_options() 'clipboard_hosts = ['wallhaven.cc', 'ns223506.ovh.net', 'wallpapers.net', 'flickr.com', 'imgur.com', 'deviantart.com', 'interfacelift.com', 'vladstudio.com', 'imageshack.us']'
INFO: 2020-11-02 17:47:18,692: log_options() 'clipboard_use_whitelist = True'
INFO: 2020-11-02 17:47:18,692: log_options() 'clock_date_font = Ubuntu Condensed, 30'
INFO: 2020-11-02 17:47:18,692: log_options() 'clock_enabled = False'
INFO: 2020-11-02 17:47:18,692: log_options() 'clock_filter = -density 100 -font `fc-match -f '%{file[0]}' '%CLOCK_FONT_NAME'` -pointsize %CLOCK_FONT_SIZE -gravity SouthEast -fill '#00000044' -annotate 0x0+[%HOFFSET+58]+[%VOFFSET+108] '%H:%M' -fill white -annotate 0x0+[%HOFFSET+60]+[%VOFFSET+110] '%H:%M' -font `fc-match -f '%{file[0]}' '%DATE_FONT_NAME'` -pointsize %DATE_FONT_SIZE -fill '#00000044' -annotate 0x0+[%HOFFSET+58]+[%VOFFSET+58] '%A, %B %d' -fill white -annotate 0x0+[%HOFFSET+60]+[%VOFFSET+60] '%A, %B %d''
INFO: 2020-11-02 17:47:18,692: log_options() 'clock_font = Ubuntu Condensed, 70'
INFO: 2020-11-02 17:47:18,692: log_options() 'configfile = /home/saul/.config/variety/variety.conf'
INFO: 2020-11-02 17:47:18,692: log_options() 'copyto_enabled = False'
INFO: 2020-11-02 17:47:18,692: log_options() 'copyto_folder = Default'
INFO: 2020-11-02 17:47:18,692: log_options() 'desired_color = [160, 160, 160]'
INFO: 2020-11-02 17:47:18,692: log_options() 'desired_color_enabled = False'
INFO: 2020-11-02 17:47:18,692: log_options() 'download_folder = /home/saul/Pictures/wallpaper'
INFO: 2020-11-02 17:47:18,692: log_options() 'download_preference_ratio = 0.9'
INFO: 2020-11-02 17:47:18,692: log_options() 'favorites_folder = /home/saul/.config/variety/Favorites'
INFO: 2020-11-02 17:47:18,692: log_options() 'favorites_operations = [['Downloaded', 'Copy'], ['Fetched', 'Move'], ['Others', 'Copy']]'
INFO: 2020-11-02 17:47:18,692: log_options() 'fetched_folder = /home/saul/.config/variety/Fetched'
INFO: 2020-11-02 17:47:18,692: log_options() 'filters = [[False, 'Keep original', ''], [False, 'Grayscale', '-type Grayscale'], [False, 'Heavy blur', '-blur 120x40'], [False, 'Soft blur', '-blur 20x7'], [False, 'Oil painting', '-paint 8'], [False, 'Pencil sketch', '-colorspace gray \\( +clone -tile ~/.config/variety/pencil_tile.png -draw "color 0,0 reset" +clone +swap -compose color_dodge -composite \\) -fx \'u*.2+v*.8\''], [False, 'Pointilism', '-spread 10 -noise 3'], [False, 'Pixellate', '-scale 3% -scale 3333%']]'
INFO: 2020-11-02 17:47:18,692: log_options() 'icon = None'
INFO: 2020-11-02 17:47:18,693: log_options() 'lightness_enabled = False'
INFO: 2020-11-02 17:47:18,693: log_options() 'lightness_mode = 0'
INFO: 2020-11-02 17:47:18,693: log_options() 'min_rating = 4'
INFO: 2020-11-02 17:47:18,693: log_options() 'min_rating_enabled = False'
INFO: 2020-11-02 17:47:18,693: log_options() 'min_size = 80'
INFO: 2020-11-02 17:47:18,693: log_options() 'min_size_enabled = False'
INFO: 2020-11-02 17:47:18,693: log_options() 'quota_enabled = False'
INFO: 2020-11-02 17:47:18,693: log_options() 'quota_size = 500'
INFO: 2020-11-02 17:47:18,693: log_options() 'quotes_authors = '
INFO: 2020-11-02 17:47:18,693: log_options() 'quotes_bg_color = [80, 80, 80]'
INFO: 2020-11-02 17:47:18,693: log_options() 'quotes_bg_opacity = 55'
INFO: 2020-11-02 17:47:18,693: log_options() 'quotes_change_enabled = False'
INFO: 2020-11-02 17:47:18,693: log_options() 'quotes_change_interval = 300'
INFO: 2020-11-02 17:47:18,693: log_options() 'quotes_disabled_sources = ['Urban Dictionary']'
INFO: 2020-11-02 17:47:18,693: log_options() 'quotes_enabled = False'
INFO: 2020-11-02 17:47:18,693: log_options() 'quotes_favorites_file = /home/saul/.config/variety/favorite_quotes.txt'
INFO: 2020-11-02 17:47:18,694: log_options() 'quotes_font = Bitstream Charter 30'
INFO: 2020-11-02 17:47:18,694: log_options() 'quotes_hpos = 100'
INFO: 2020-11-02 17:47:18,694: log_options() 'quotes_max_length = 250'
INFO: 2020-11-02 17:47:18,694: log_options() 'quotes_tags = '
INFO: 2020-11-02 17:47:18,694: log_options() 'quotes_text_color = [255, 255, 255]'
INFO: 2020-11-02 17:47:18,694: log_options() 'quotes_text_shadow = False'
INFO: 2020-11-02 17:47:18,694: log_options() 'quotes_vpos = 40'
INFO: 2020-11-02 17:47:18,694: log_options() 'quotes_width = 70'
INFO: 2020-11-02 17:47:18,694: log_options() 'safe_mode = False'
INFO: 2020-11-02 17:47:18,694: log_options() 'slideshow_custom_enabled = False'
INFO: 2020-11-02 17:47:18,694: log_options() 'slideshow_custom_folder = /home/saul/Pictures'
INFO: 2020-11-02 17:47:18,694: log_options() 'slideshow_downloads_enabled = False'
INFO: 2020-11-02 17:47:18,694: log_options() 'slideshow_fade = 0.4'
INFO: 2020-11-02 17:47:18,694: log_options() 'slideshow_favorites_enabled = True'
INFO: 2020-11-02 17:47:18,694: log_options() 'slideshow_mode = Fullscreen'
INFO: 2020-11-02 17:47:18,694: log_options() 'slideshow_monitor = All'
INFO: 2020-11-02 17:47:18,694: log_options() 'slideshow_pan = 0.05'
INFO: 2020-11-02 17:47:18,695: log_options() 'slideshow_seconds = 6.0'
INFO: 2020-11-02 17:47:18,695: log_options() 'slideshow_sort_order = Random'
INFO: 2020-11-02 17:47:18,695: log_options() 'slideshow_sources_enabled = True'
INFO: 2020-11-02 17:47:18,695: log_options() 'slideshow_zoom = 0.2'
INFO: 2020-11-02 17:47:18,695: log_options() 'smart_enabled = False'
INFO: 2020-11-02 17:47:18,695: log_options() 'smart_notice_shown = False'
INFO: 2020-11-02 17:47:18,695: log_options() 'smart_register_shown = False'
INFO: 2020-11-02 17:47:18,695: log_options() 'sources = [[False, 'favorites', 'The Favorites folder'], [False, 'fetched', 'The Fetched folder'], [False, 'folder', '/usr/share/backgrounds'], [True, 'bing', 'Bing Photo of the Day'], [False, 'unsplash', 'High-resolution photos from Unsplash.com'], [False, 'apod', "NASA's Astronomy Picture of the Day"], [False, 'flickr', 'user:www.flickr.com/photos/peter-levi/;user_id:93647178@N00;'], [True, 'earthview', 'Google Earth View Wallpapers'], [False, 'desktoppr', 'Random wallpapers from Desktoppr.co'], [True, 'chromeos', 'Chrome OS Wallpapers']]'
INFO: 2020-11-02 17:47:18,695: log_options() 'stats_enabled = True'
INFO: 2020-11-02 17:47:18,695: log_options() 'stats_notice_shown = False'
INFO: 2020-11-02 17:47:18,695: log_options() 'sync_enabled = True'
INFO: 2020-11-02 17:47:18,695: log_options() 'use_landscape_enabled = True'
INFO: 2020-11-02 17:47:18,695: clear_prepared_queue() 'Clearing prepared queue'
INFO: 2020-11-02 17:47:18,695: update_indicator() 'Setting file info to: /home/saul/Pictures/wallpaper/Downloaded by Variety/Earth View/Puno, Peru (ID-5460).jpg'
INFO: 2020-11-02 17:47:18,696: prepare_thread() 'Prepared buffer contains 0 images'
INFO: 2020-11-02 17:47:18,696: prepare_thread() 'Preparing some images'
INFO: 2020-11-02 17:47:18,700: get_throttling() 'Bing: parsing serverside options'
INFO: 2020-11-02 17:47:18,700: get_throttling() 'Could not parse Bing serverside options, using defaults None, None'
INFO: 2020-11-02 17:47:18,700: regular_change_thread() 'regular_change: waiting till user resumes'
INFO: 2020-11-02 17:47:18,701: get_throttling() 'Bing: parsing serverside options'
INFO: 2020-11-02 17:47:18,701: get_throttling() 'Could not parse Bing serverside options, using defaults None, None'
INFO: 2020-11-02 17:47:18,701: download_one() 'Bing: Downloading an image, config: None'
INFO: 2020-11-02 17:47:18,701: download_one() 'Bing: Queue size: 6'
INFO: 2020-11-02 17:47:18,701: download_one() 'Bing: Queue populated with 6 URLs'
INFO: 2020-11-02 17:47:18,702: save_locally() 'Origin URL: https://www.bing.com/search?q=Blakiston%27s+Fish+Owl&form=hpcapt&filters=HpDate%3a%2220201030_0700%22'
INFO: 2020-11-02 17:47:18,702: save_locally() 'Image URL: https://www.bing.com/th?id=OHR.FishOwl_EN-US0921851280_1920x1080.jpg&rf=LaDigue_1920x1080.jpg&pid=hp'
INFO: 2020-11-02 17:47:18,702: save_locally() 'Local path: /home/saul/Pictures/wallpaper/Downloaded by Variety/Bing/OHR.FishOwl_EN-US0921851280_1920x1080.jpg'
INFO: 2020-11-02 17:47:18,702: save_locally() 'File already exists, skip downloading'
INFO: 2020-11-02 17:47:18,714: prepare_thread() 'After search prepared buffer contains 100 images'
INFO: 2020-11-02 17:47:18,714: prepare_thread() 'Prepared buffer contains 100 images'
INFO: 2020-11-02 17:47:18,800: do_set_wp() 'Calling do_set_wp with /home/saul/Pictures/wallpaper/Downloaded by Variety/Earth View/Puno, Peru (ID-5460).jpg, time: 1604328438.8005598'
INFO: 2020-11-02 17:47:18,813: update_indicator() 'Setting file info to: /home/saul/Pictures/wallpaper/Downloaded by Variety/Earth View/Puno, Peru (ID-5460).jpg'
INFO: 2020-11-02 17:47:18,879: list_files() 'More than 1 files in the folders, stop listing'
INFO: 2020-11-02 17:47:20,714: trigger_download() 'Triggering download thread to check if download needed'
INFO: 2020-11-02 17:47:20,715: trigger_download() 'Triggering download thread to check if download needed'
INFO: 2020-11-02 17:47:21,148: update_indicator() 'Setting file info to: /home/saul/Pictures/wallpaper/Downloaded by Variety/Earth View/Puno, Peru (ID-5460).jpg'
INFO: 2020-11-02 17:47:23,965: apply() 'Applying preferences'
INFO: 2020-11-02 17:47:23,986: log_options() 'Loaded options:'
INFO: 2020-11-02 17:47:23,986: log_options() 'change_enabled = False'
INFO: 2020-11-02 17:47:23,986: log_options() 'change_interval = 300'
INFO: 2020-11-02 17:47:23,987: log_options() 'change_on_start = False'
INFO: 2020-11-02 17:47:23,987: log_options() 'clipboard_enabled = False'
INFO: 2020-11-02 17:47:23,987: log_options() 'clipboard_hosts = ['wallhaven.cc', 'ns223506.ovh.net', 'wallpapers.net', 'flickr.com', 'imgur.com', 'deviantart.com', 'interfacelift.com', 'vladstudio.com', 'imageshack.us']'
INFO: 2020-11-02 17:47:23,987: log_options() 'clipboard_use_whitelist = True'
INFO: 2020-11-02 17:47:23,987: log_options() 'clock_date_font = Ubuntu Condensed, 30'
INFO: 2020-11-02 17:47:23,987: log_options() 'clock_enabled = False'
INFO: 2020-11-02 17:47:23,987: log_options() 'clock_filter = -density 100 -font `fc-match -f '%{file[0]}' '%CLOCK_FONT_NAME'` -pointsize %CLOCK_FONT_SIZE -gravity SouthEast -fill '#00000044' -annotate 0x0+[%HOFFSET+58]+[%VOFFSET+108] '%H:%M' -fill white -annotate 0x0+[%HOFFSET+60]+[%VOFFSET+110] '%H:%M' -font `fc-match -f '%{file[0]}' '%DATE_FONT_NAME'` -pointsize %DATE_FONT_SIZE -fill '#00000044' -annotate 0x0+[%HOFFSET+58]+[%VOFFSET+58] '%A, %B %d' -fill white -annotate 0x0+[%HOFFSET+60]+[%VOFFSET+60] '%A, %B %d''
INFO: 2020-11-02 17:47:23,988: log_options() 'clock_font = Ubuntu Condensed, 70'
INFO: 2020-11-02 17:47:23,988: log_options() 'configfile = /home/saul/.config/variety/variety.conf'
INFO: 2020-11-02 17:47:23,988: log_options() 'copyto_enabled = False'
INFO: 2020-11-02 17:47:23,988: log_options() 'copyto_folder = Default'
INFO: 2020-11-02 17:47:23,988: log_options() 'desired_color = [160, 160, 160]'
INFO: 2020-11-02 17:47:23,988: log_options() 'desired_color_enabled = False'
INFO: 2020-11-02 17:47:23,988: log_options() 'download_folder = /home/saul/Pictures/wallpaper'
INFO: 2020-11-02 17:47:23,988: log_options() 'download_preference_ratio = 0.9'
INFO: 2020-11-02 17:47:23,989: log_options() 'favorites_folder = /home/saul/.config/variety/Favorites'
INFO: 2020-11-02 17:47:23,989: log_options() 'favorites_operations = [['Downloaded', 'Copy'], ['Fetched', 'Move'], ['Others', 'Copy']]'
INFO: 2020-11-02 17:47:23,989: log_options() 'fetched_folder = /home/saul/.config/variety/Fetched'
INFO: 2020-11-02 17:47:23,989: log_options() 'filters = [[False, 'Keep original', ''], [False, 'Grayscale', '-type Grayscale'], [False, 'Heavy blur', '-blur 120x40'], [False, 'Soft blur', '-blur 20x7'], [False, 'Oil painting', '-paint 8'], [False, 'Pencil sketch', '-colorspace gray \\( +clone -tile ~/.config/variety/pencil_tile.png -draw "color 0,0 reset" +clone +swap -compose color_dodge -composite \\) -fx \'u*.2+v*.8\''], [False, 'Pointilism', '-spread 10 -noise 3'], [False, 'Pixellate', '-scale 3% -scale 3333%']]'
INFO: 2020-11-02 17:47:23,989: log_options() 'icon = None'
INFO: 2020-11-02 17:47:23,989: log_options() 'lightness_enabled = False'
INFO: 2020-11-02 17:47:23,990: log_options() 'lightness_mode = 0'
INFO: 2020-11-02 17:47:23,990: log_options() 'min_rating = 4'
INFO: 2020-11-02 17:47:23,990: log_options() 'min_rating_enabled = False'
INFO: 2020-11-02 17:47:23,990: log_options() 'min_size = 80'
INFO: 2020-11-02 17:47:23,990: log_options() 'min_size_enabled = False'
INFO: 2020-11-02 17:47:23,990: log_options() 'quota_enabled = False'
INFO: 2020-11-02 17:47:23,990: log_options() 'quota_size = 500'
INFO: 2020-11-02 17:47:23,990: log_options() 'quotes_authors = '
INFO: 2020-11-02 17:47:23,991: log_options() 'quotes_bg_color = [80, 80, 80]'
INFO: 2020-11-02 17:47:23,991: log_options() 'quotes_bg_opacity = 55'
INFO: 2020-11-02 17:47:23,991: log_options() 'quotes_change_enabled = False'
INFO: 2020-11-02 17:47:23,991: log_options() 'quotes_change_interval = 300'
INFO: 2020-11-02 17:47:23,991: log_options() 'quotes_disabled_sources = ['Urban Dictionary']'
INFO: 2020-11-02 17:47:23,991: log_options() 'quotes_enabled = False'
INFO: 2020-11-02 17:47:23,991: log_options() 'quotes_favorites_file = /home/saul/.config/variety/favorite_quotes.txt'
INFO: 2020-11-02 17:47:23,991: log_options() 'quotes_font = Bitstream Charter 30'
INFO: 2020-11-02 17:47:23,992: log_options() 'quotes_hpos = 100'
INFO: 2020-11-02 17:47:23,992: log_options() 'quotes_max_length = 250'
INFO: 2020-11-02 17:47:23,992: log_options() 'quotes_tags = '
INFO: 2020-11-02 17:47:23,992: log_options() 'quotes_text_color = [255, 255, 255]'
INFO: 2020-11-02 17:47:23,992: log_options() 'quotes_text_shadow = False'
INFO: 2020-11-02 17:47:23,992: log_options() 'quotes_vpos = 40'
INFO: 2020-11-02 17:47:23,992: log_options() 'quotes_width = 70'
INFO: 2020-11-02 17:47:23,992: log_options() 'safe_mode = False'
INFO: 2020-11-02 17:47:23,993: log_options() 'slideshow_custom_enabled = False'
INFO: 2020-11-02 17:47:23,993: log_options() 'slideshow_custom_folder = /home/saul/Pictures'
INFO: 2020-11-02 17:47:23,993: log_options() 'slideshow_downloads_enabled = False'
INFO: 2020-11-02 17:47:23,993: log_options() 'slideshow_fade = 0.4'
INFO: 2020-11-02 17:47:23,993: log_options() 'slideshow_favorites_enabled = True'
INFO: 2020-11-02 17:47:23,993: log_options() 'slideshow_mode = Fullscreen'
INFO: 2020-11-02 17:47:23,993: log_options() 'slideshow_monitor = All'
INFO: 2020-11-02 17:47:23,993: log_options() 'slideshow_pan = 0.05'
INFO: 2020-11-02 17:47:23,994: log_options() 'slideshow_seconds = 6.0'
INFO: 2020-11-02 17:47:23,994: log_options() 'slideshow_sort_order = Random'
INFO: 2020-11-02 17:47:23,994: log_options() 'slideshow_sources_enabled = True'
INFO: 2020-11-02 17:47:23,994: log_options() 'slideshow_zoom = 0.2'
INFO: 2020-11-02 17:47:23,994: log_options() 'smart_enabled = False'
INFO: 2020-11-02 17:47:23,994: log_options() 'smart_notice_shown = False'
INFO: 2020-11-02 17:47:23,994: log_options() 'smart_register_shown = False'
INFO: 2020-11-02 17:47:23,994: log_options() 'sources = [[False, 'favorites', 'The Favorites folder'], [False, 'fetched', 'The Fetched folder'], [False, 'folder', '/usr/share/backgrounds'], [False, 'bing', 'Bing Photo of the Day'], [False, 'unsplash', 'High-resolution photos from Unsplash.com'], [False, 'apod', "NASA's Astronomy Picture of the Day"], [False, 'flickr', 'user:www.flickr.com/photos/peter-levi/;user_id:93647178@N00;'], [True, 'earthview', 'Google Earth View Wallpapers'], [False, 'desktoppr', 'Random wallpapers from Desktoppr.co'], [True, 'chromeos', 'Chrome OS Wallpapers']]'
INFO: 2020-11-02 17:47:23,994: log_options() 'stats_enabled = True'
INFO: 2020-11-02 17:47:23,994: log_options() 'stats_notice_shown = False'
INFO: 2020-11-02 17:47:23,995: log_options() 'sync_enabled = True'
INFO: 2020-11-02 17:47:23,995: log_options() 'use_landscape_enabled = True'
INFO: 2020-11-02 17:47:23,995: clear_prepared_queue() 'Clearing prepared queue'
INFO: 2020-11-02 17:47:23,995: update_indicator() 'Setting file info to: /home/saul/Pictures/wallpaper/Downloaded by Variety/Earth View/Puno, Peru (ID-5460).jpg'
INFO: 2020-11-02 17:47:23,995: prepare_thread() 'Prepared buffer contains 0 images'
INFO: 2020-11-02 17:47:23,996: prepare_thread() 'Preparing some images'
INFO: 2020-11-02 17:47:24,001: regular_change_thread() 'regular_change: waiting till user resumes'
INFO: 2020-11-02 17:47:24,013: prepare_thread() 'After search prepared buffer contains 81 images'
INFO: 2020-11-02 17:47:24,013: prepare_thread() 'Prepared buffer contains 81 images'
INFO: 2020-11-02 17:47:24,101: do_set_wp() 'Calling do_set_wp with /home/saul/Pictures/wallpaper/Downloaded by Variety/Earth View/Puno, Peru (ID-5460).jpg, time: 1604328444.1015153'
INFO: 2020-11-02 17:47:24,120: update_indicator() 'Setting file info to: /home/saul/Pictures/wallpaper/Downloaded by Variety/Earth View/Puno, Peru (ID-5460).jpg'
INFO: 2020-11-02 17:47:26,013: trigger_download() 'Triggering download thread to check if download needed'
INFO: 2020-11-02 17:47:26,013: trigger_download() 'Triggering download thread to check if download needed'
INFO: 2020-11-02 17:47:48,957: process_command() 'Received command: ['--preferences']'
INFO: 2020-11-02 17:48:21,579: trigger_download() 'Triggering download thread to check if download needed'
INFO: 2020-11-02 17:48:21,678: apply() 'Applying preferences'
INFO: 2020-11-02 17:48:21,689: log_options() 'Loaded options:'
INFO: 2020-11-02 17:48:21,690: log_options() 'change_enabled = False'
INFO: 2020-11-02 17:48:21,690: log_options() 'change_interval = 300'
INFO: 2020-11-02 17:48:21,690: log_options() 'change_on_start = False'
INFO: 2020-11-02 17:48:21,690: log_options() 'clipboard_enabled = False'
INFO: 2020-11-02 17:48:21,690: log_options() 'clipboard_hosts = ['wallhaven.cc', 'ns223506.ovh.net', 'wallpapers.net', 'flickr.com', 'imgur.com', 'deviantart.com', 'interfacelift.com', 'vladstudio.com', 'imageshack.us']'
INFO: 2020-11-02 17:48:21,690: log_options() 'clipboard_use_whitelist = True'
INFO: 2020-11-02 17:48:21,690: log_options() 'clock_date_font = Ubuntu Condensed, 30'
INFO: 2020-11-02 17:48:21,690: log_options() 'clock_enabled = False'
INFO: 2020-11-02 17:48:21,690: log_options() 'clock_filter = -density 100 -font `fc-match -f '%{file[0]}' '%CLOCK_FONT_NAME'` -pointsize %CLOCK_FONT_SIZE -gravity SouthEast -fill '#00000044' -annotate 0x0+[%HOFFSET+58]+[%VOFFSET+108] '%H:%M' -fill white -annotate 0x0+[%HOFFSET+60]+[%VOFFSET+110] '%H:%M' -font `fc-match -f '%{file[0]}' '%DATE_FONT_NAME'` -pointsize %DATE_FONT_SIZE -fill '#00000044' -annotate 0x0+[%HOFFSET+58]+[%VOFFSET+58] '%A, %B %d' -fill white -annotate 0x0+[%HOFFSET+60]+[%VOFFSET+60] '%A, %B %d''
INFO: 2020-11-02 17:48:21,690: log_options() 'clock_font = Ubuntu Condensed, 70'
INFO: 2020-11-02 17:48:21,690: log_options() 'configfile = /home/saul/.config/variety/variety.conf'
INFO: 2020-11-02 17:48:21,690: log_options() 'copyto_enabled = False'
INFO: 2020-11-02 17:48:21,690: log_options() 'copyto_folder = Default'
INFO: 2020-11-02 17:48:21,690: log_options() 'desired_color = [160, 160, 160]'
INFO: 2020-11-02 17:48:21,690: log_options() 'desired_color_enabled = False'
INFO: 2020-11-02 17:48:21,690: log_options() 'download_folder = /home/saul/Pictures/wallpaper'
INFO: 2020-11-02 17:48:21,690: log_options() 'download_preference_ratio = 0.9'
INFO: 2020-11-02 17:48:21,690: log_options() 'favorites_folder = /home/saul/.config/variety/Favorites'
INFO: 2020-11-02 17:48:21,690: log_options() 'favorites_operations = [['Downloaded', 'Copy'], ['Fetched', 'Move'], ['Others', 'Copy']]'
INFO: 2020-11-02 17:48:21,691: log_options() 'fetched_folder = /home/saul/.config/variety/Fetched'
INFO: 2020-11-02 17:48:21,691: log_options() 'filters = [[False, 'Keep original', ''], [False, 'Grayscale', '-type Grayscale'], [False, 'Heavy blur', '-blur 120x40'], [False, 'Soft blur', '-blur 20x7'], [False, 'Oil painting', '-paint 8'], [False, 'Pencil sketch', '-colorspace gray \\( +clone -tile ~/.config/variety/pencil_tile.png -draw "color 0,0 reset" +clone +swap -compose color_dodge -composite \\) -fx \'u*.2+v*.8\''], [False, 'Pointilism', '-spread 10 -noise 3'], [False, 'Pixellate', '-scale 3% -scale 3333%']]'
INFO: 2020-11-02 17:48:21,691: log_options() 'icon = None'
INFO: 2020-11-02 17:48:21,691: log_options() 'lightness_enabled = False'
INFO: 2020-11-02 17:48:21,691: log_options() 'lightness_mode = 0'
INFO: 2020-11-02 17:48:21,691: log_options() 'min_rating = 4'
INFO: 2020-11-02 17:48:21,691: log_options() 'min_rating_enabled = False'
INFO: 2020-11-02 17:48:21,691: log_options() 'min_size = 80'
INFO: 2020-11-02 17:48:21,691: log_options() 'min_size_enabled = False'
INFO: 2020-11-02 17:48:21,691: log_options() 'quota_enabled = False'
INFO: 2020-11-02 17:48:21,691: log_options() 'quota_size = 500'
INFO: 2020-11-02 17:48:21,691: log_options() 'quotes_authors = '
INFO: 2020-11-02 17:48:21,691: log_options() 'quotes_bg_color = [80, 80, 80]'
INFO: 2020-11-02 17:48:21,691: log_options() 'quotes_bg_opacity = 55'
INFO: 2020-11-02 17:48:21,691: log_options() 'quotes_change_enabled = False'
INFO: 2020-11-02 17:48:21,691: log_options() 'quotes_change_interval = 300'
INFO: 2020-11-02 17:48:21,691: log_options() 'quotes_disabled_sources = ['Urban Dictionary']'
INFO: 2020-11-02 17:48:21,691: log_options() 'quotes_enabled = False'
INFO: 2020-11-02 17:48:21,691: log_options() 'quotes_favorites_file = /home/saul/.config/variety/favorite_quotes.txt'
INFO: 2020-11-02 17:48:21,692: log_options() 'quotes_font = Bitstream Charter 30'
INFO: 2020-11-02 17:48:21,692: log_options() 'quotes_hpos = 100'
INFO: 2020-11-02 17:48:21,692: log_options() 'quotes_max_length = 250'
INFO: 2020-11-02 17:48:21,692: log_options() 'quotes_tags = '
INFO: 2020-11-02 17:48:21,692: log_options() 'quotes_text_color = [255, 255, 255]'
INFO: 2020-11-02 17:48:21,692: log_options() 'quotes_text_shadow = False'
INFO: 2020-11-02 17:48:21,692: log_options() 'quotes_vpos = 40'
INFO: 2020-11-02 17:48:21,692: log_options() 'quotes_width = 70'
INFO: 2020-11-02 17:48:21,692: log_options() 'safe_mode = False'
INFO: 2020-11-02 17:48:21,692: log_options() 'slideshow_custom_enabled = False'
INFO: 2020-11-02 17:48:21,692: log_options() 'slideshow_custom_folder = /home/saul/Pictures'
INFO: 2020-11-02 17:48:21,692: log_options() 'slideshow_downloads_enabled = False'
INFO: 2020-11-02 17:48:21,692: log_options() 'slideshow_fade = 0.4'
INFO: 2020-11-02 17:48:21,692: log_options() 'slideshow_favorites_enabled = True'
INFO: 2020-11-02 17:48:21,692: log_options() 'slideshow_mode = Fullscreen'
INFO: 2020-11-02 17:48:21,692: log_options() 'slideshow_monitor = All'
INFO: 2020-11-02 17:48:21,692: log_options() 'slideshow_pan = 0.05'
INFO: 2020-11-02 17:48:21,692: log_options() 'slideshow_seconds = 6.0'
INFO: 2020-11-02 17:48:21,692: log_options() 'slideshow_sort_order = Random'
INFO: 2020-11-02 17:48:21,693: log_options() 'slideshow_sources_enabled = True'
INFO: 2020-11-02 17:48:21,693: log_options() 'slideshow_zoom = 0.2'
INFO: 2020-11-02 17:48:21,693: log_options() 'smart_enabled = False'
INFO: 2020-11-02 17:48:21,693: log_options() 'smart_notice_shown = False'
INFO: 2020-11-02 17:48:21,693: log_options() 'smart_register_shown = False'
INFO: 2020-11-02 17:48:21,693: log_options() 'sources = [[False, 'favorites', 'The Favorites folder'], [False, 'fetched', 'The Fetched folder'], [False, 'folder', '/usr/share/backgrounds'], [False, 'bing', 'Bing Photo of the Day'], [False, 'unsplash', 'High-resolution photos from Unsplash.com'], [False, 'apod', "NASA's Astronomy Picture of the Day"], [False, 'flickr', 'user:www.flickr.com/photos/peter-levi/;user_id:93647178@N00;'], [True, 'earthview', 'Google Earth View Wallpapers'], [False, 'desktoppr', 'Random wallpapers from Desktoppr.co'], [True, 'chromeos', 'Chrome OS Wallpapers']]'
INFO: 2020-11-02 17:48:21,693: log_options() 'stats_enabled = True'
INFO: 2020-11-02 17:48:21,693: log_options() 'stats_notice_shown = False'
INFO: 2020-11-02 17:48:21,693: log_options() 'sync_enabled = True'
INFO: 2020-11-02 17:48:21,693: log_options() 'use_landscape_enabled = True'
INFO: 2020-11-02 17:48:21,693: reload_config() 'No need to clear prepared queue'
INFO: 2020-11-02 17:48:21,693: update_indicator() 'Setting file info to: /home/saul/Pictures/wallpaper/Downloaded by Variety/Earth View/Puno, Peru (ID-5460).jpg'
INFO: 2020-11-02 17:48:21,698: prepare_thread() 'Prepared buffer contains 81 images'
INFO: 2020-11-02 17:48:21,698: regular_change_thread() 'regular_change: waiting till user resumes'
INFO: 2020-11-02 17:48:21,797: do_set_wp() 'Calling do_set_wp with /home/saul/Pictures/wallpaper/Downloaded by Variety/Earth View/Puno, Peru (ID-5460).jpg, time: 1604328501.7971919'
INFO: 2020-11-02 17:48:21,847: update_indicator() 'Setting file info to: /home/saul/Pictures/wallpaper/Downloaded by Variety/Earth View/Puno, Peru (ID-5460).jpg'
INFO: 2020-11-02 17:48:23,699: trigger_download() 'Triggering download thread to check if download needed'
INFO: 2020-11-02 17:48:47,631: process_command() 'Received command: ['--preferences']'
INFO: 2020-11-02 17:48:47,634: reload() 'Reloading preferences dialog'
INFO: 2020-11-02 17:48:50,172: trigger_download() 'Triggering download thread to check if download needed'
